  [1m[36m (9.2ms)[0m  [1mCREATE TABLE "schema_migrations" ("version" varchar NOT NULL) [0m
  [1m[35m (0.1ms)[0m  select sqlite_version(*)
  [1m[36m (1.2ms)[0m  [1mCREATE UNIQUE INDEX "unique_schema_migrations" ON "schema_migrations" ("version")[0m
  [1m[35mActiveRecord::SchemaMigration Load (0.2ms)[0m  SELECT "schema_migrations".* FROM "schema_migrations"
Migrating to CreatePosts (20140310213347)
  [1m[36m (0.1ms)[0m  [1mbegin transaction[0m
  [1m[35m (0.5ms)[0m  CREATE TABLE "posts" ("id" INTEGER PRIMARY KEY AUTOINCREMENT NOT NULL, "name" varchar, "content" text, "users_id" integer, "created_at" datetime NOT NULL, "updated_at" datetime NOT NULL) 
  [1m[36mSQL (0.4ms)[0m  [1mINSERT INTO "schema_migrations" ("version") VALUES (?)[0m  [["version", "20140310213347"]]
  [1m[35m (0.9ms)[0m  commit transaction
Migrating to CreateUsers (20150902170030)
  [1m[36m (0.1ms)[0m  [1mbegin transaction[0m
  [1m[35m (0.4ms)[0m  CREATE TABLE "users" ("id" INTEGER PRIMARY KEY AUTOINCREMENT NOT NULL, "name" varchar, "created_at" datetime NOT NULL, "updated_at" datetime NOT NULL) 
  [1m[36mSQL (0.2ms)[0m  [1mINSERT INTO "schema_migrations" ("version") VALUES (?)[0m  [["version", "20150902170030"]]
  [1m[35m (0.7ms)[0m  commit transaction
Migrating to CreateTags (20150902170048)
  [1m[36m (0.1ms)[0m  [1mbegin transaction[0m
  [1m[35m (1.0ms)[0m  CREATE TABLE "tags" ("id" INTEGER PRIMARY KEY AUTOINCREMENT NOT NULL, "name" varchar, "created_at" datetime NOT NULL, "updated_at" datetime NOT NULL) 
  [1m[36mSQL (0.2ms)[0m  [1mINSERT INTO "schema_migrations" ("version") VALUES (?)[0m  [["version", "20150902170048"]]
  [1m[35m (0.9ms)[0m  commit transaction
Migrating to CreateJoinTablePostsTags (20150902170201)
  [1m[36mActiveRecord::SchemaMigration Load (0.1ms)[0m  [1mSELECT "schema_migrations".* FROM "schema_migrations"[0m
Migrating to CreateJoinTablePostsTags (20150902170201)
  [1m[35m (0.1ms)[0m  begin transaction
  [1m[36m (0.4ms)[0m  [1mCREATE TABLE "post_tags" ("id" INTEGER PRIMARY KEY AUTOINCREMENT NOT NULL, "posts_id" integer, "tags_id" integer) [0m
  [1m[35mSQL (0.2ms)[0m  INSERT INTO "schema_migrations" ("version") VALUES (?)  [["version", "20150902170201"]]
  [1m[36m (8.8ms)[0m  [1mcommit transaction[0m
  [1m[35mActiveRecord::SchemaMigration Load (0.1ms)[0m  SELECT "schema_migrations".* FROM "schema_migrations"
  [1m[36m (1.3ms)[0m  [1mCREATE TABLE "schema_migrations" ("version" varchar NOT NULL) [0m
  [1m[35m (0.1ms)[0m  select sqlite_version(*)
  [1m[36m (0.9ms)[0m  [1mCREATE UNIQUE INDEX "unique_schema_migrations" ON "schema_migrations" ("version")[0m
  [1m[35mActiveRecord::SchemaMigration Load (0.1ms)[0m  SELECT "schema_migrations".* FROM "schema_migrations"
Migrating to CreatePosts (20140310213347)
  [1m[36m (0.1ms)[0m  [1mbegin transaction[0m
  [1m[35m (0.4ms)[0m  CREATE TABLE "posts" ("id" INTEGER PRIMARY KEY AUTOINCREMENT NOT NULL, "name" varchar, "content" text, "users_id" integer, "created_at" datetime NOT NULL, "updated_at" datetime NOT NULL) 
  [1m[36mSQL (0.2ms)[0m  [1mINSERT INTO "schema_migrations" ("version") VALUES (?)[0m  [["version", "20140310213347"]]
  [1m[35m (0.7ms)[0m  commit transaction
Migrating to CreateUsers (20150902170030)
  [1m[36m (0.1ms)[0m  [1mbegin transaction[0m
  [1m[35m (0.6ms)[0m  CREATE TABLE "users" ("id" INTEGER PRIMARY KEY AUTOINCREMENT NOT NULL, "name" varchar, "created_at" datetime NOT NULL, "updated_at" datetime NOT NULL) 
  [1m[36mSQL (0.2ms)[0m  [1mINSERT INTO "schema_migrations" ("version") VALUES (?)[0m  [["version", "20150902170030"]]
  [1m[35m (0.9ms)[0m  commit transaction
Migrating to CreateTags (20150902170048)
  [1m[36m (0.1ms)[0m  [1mbegin transaction[0m
  [1m[35m (0.4ms)[0m  CREATE TABLE "tags" ("id" INTEGER PRIMARY KEY AUTOINCREMENT NOT NULL, "name" varchar, "created_at" datetime NOT NULL, "updated_at" datetime NOT NULL) 
  [1m[36mSQL (0.1ms)[0m  [1mINSERT INTO "schema_migrations" ("version") VALUES (?)[0m  [["version", "20150902170048"]]
  [1m[35m (0.8ms)[0m  commit transaction
Migrating to CreateJoinTablePostsTags (20150902170201)
  [1m[36m (0.1ms)[0m  [1mbegin transaction[0m
  [1m[35m (0.3ms)[0m  CREATE TABLE "post_tags" ("id" INTEGER PRIMARY KEY AUTOINCREMENT NOT NULL, "post_id" integer, "tag_id" integer) 
  [1m[36mSQL (0.1ms)[0m  [1mINSERT INTO "schema_migrations" ("version") VALUES (?)[0m  [["version", "20150902170201"]]
  [1m[35m (0.7ms)[0m  commit transaction
  [1m[36mActiveRecord::SchemaMigration Load (0.1ms)[0m  [1mSELECT "schema_migrations".* FROM "schema_migrations"[0m
  [1m[36m (8.5ms)[0m  [1mCREATE TABLE "schema_migrations" ("version" varchar NOT NULL) [0m
  [1m[35m (0.2ms)[0m  select sqlite_version(*)
  [1m[36m (1.1ms)[0m  [1mCREATE UNIQUE INDEX "unique_schema_migrations" ON "schema_migrations" ("version")[0m
  [1m[35mActiveRecord::SchemaMigration Load (0.1ms)[0m  SELECT "schema_migrations".* FROM "schema_migrations"
  [1m[36mActiveRecord::SchemaMigration Load (0.1ms)[0m  [1mSELECT "schema_migrations".* FROM "schema_migrations"[0m
Migrating to CreatePosts (20140310213347)
  [1m[35m (0.1ms)[0m  begin transaction
  [1m[36m (0.4ms)[0m  [1mCREATE TABLE "posts" ("id" INTEGER PRIMARY KEY AUTOINCREMENT NOT NULL, "name" varchar, "content" text, "user_id" integer, "created_at" datetime NOT NULL, "updated_at" datetime NOT NULL) [0m
  [1m[35mSQL (0.3ms)[0m  INSERT INTO "schema_migrations" ("version") VALUES (?)  [["version", "20140310213347"]]
  [1m[36m (9.0ms)[0m  [1mcommit transaction[0m
Migrating to CreateUsers (20150902170030)
  [1m[35m (0.1ms)[0m  begin transaction
  [1m[36m (0.4ms)[0m  [1mCREATE TABLE "users" ("id" INTEGER PRIMARY KEY AUTOINCREMENT NOT NULL, "name" varchar, "created_at" datetime NOT NULL, "updated_at" datetime NOT NULL) [0m
  [1m[35mSQL (0.2ms)[0m  INSERT INTO "schema_migrations" ("version") VALUES (?)  [["version", "20150902170030"]]
  [1m[36m (0.6ms)[0m  [1mcommit transaction[0m
Migrating to CreateTags (20150902170048)
  [1m[35m (0.0ms)[0m  begin transaction
  [1m[36m (0.3ms)[0m  [1mCREATE TABLE "tags" ("id" INTEGER PRIMARY KEY AUTOINCREMENT NOT NULL, "name" varchar, "created_at" datetime NOT NULL, "updated_at" datetime NOT NULL) [0m
  [1m[35mSQL (0.1ms)[0m  INSERT INTO "schema_migrations" ("version") VALUES (?)  [["version", "20150902170048"]]
  [1m[36m (0.7ms)[0m  [1mcommit transaction[0m
Migrating to CreateJoinTablePostsTags (20150902170201)
  [1m[35m (0.1ms)[0m  begin transaction
  [1m[36m (0.5ms)[0m  [1mCREATE TABLE "post_tags" ("id" INTEGER PRIMARY KEY AUTOINCREMENT NOT NULL, "post_id" integer, "tag_id" integer) [0m
  [1m[35mSQL (0.2ms)[0m  INSERT INTO "schema_migrations" ("version") VALUES (?)  [["version", "20150902170201"]]
  [1m[36m (1.3ms)[0m  [1mcommit transaction[0m
  [1m[35mActiveRecord::SchemaMigration Load (0.1ms)[0m  SELECT "schema_migrations".* FROM "schema_migrations"
  [1m[36mActiveRecord::SchemaMigration Load (0.1ms)[0m  [1mSELECT "schema_migrations".* FROM "schema_migrations"[0m
  [1m[35m (0.1ms)[0m  begin transaction
  [1m[36mSQL (0.5ms)[0m  [1mINSERT INTO "tags" ("name", "created_at", "updated_at") VALUES (?, ?, ?)[0m  [["name", "adventurous"], ["created_at", "2015-09-02 17:47:01.234307"], ["updated_at", "2015-09-02 17:47:01.234307"]]
  [1m[35m (8.8ms)[0m  commit transaction
  [1m[36m (0.1ms)[0m  [1mbegin transaction[0m
  [1m[35mSQL (0.7ms)[0m  INSERT INTO "tags" ("name", "created_at", "updated_at") VALUES (?, ?, ?)  [["name", "aggressive"], ["created_at", "2015-09-02 17:47:01.247612"], ["updated_at", "2015-09-02 17:47:01.247612"]]
  [1m[36m (0.7ms)[0m  [1mcommit transaction[0m
  [1m[35m (0.1ms)[0m  begin transaction
  [1m[36mSQL (0.2ms)[0m  [1mINSERT INTO "tags" ("name", "created_at", "updated_at") VALUES (?, ?, ?)[0m  [["name", "agreeable"], ["created_at", "2015-09-02 17:47:01.251436"], ["updated_at", "2015-09-02 17:47:01.251436"]]
  [1m[35m (0.7ms)[0m  commit transaction
  [1m[36m (0.1ms)[0m  [1mbegin transaction[0m
  [1m[35mSQL (0.3ms)[0m  INSERT INTO "tags" ("name", "created_at", "updated_at") VALUES (?, ?, ?)  [["name", "alert"], ["created_at", "2015-09-02 17:47:01.253910"], ["updated_at", "2015-09-02 17:47:01.253910"]]
  [1m[36m (0.6ms)[0m  [1mcommit transaction[0m
  [1m[35m (0.0ms)[0m  begin transaction
  [1m[36mSQL (0.2ms)[0m  [1mINSERT INTO "tags" ("name", "created_at", "updated_at") VALUES (?, ?, ?)[0m  [["name", "alive"], ["created_at", "2015-09-02 17:47:01.256272"], ["updated_at", "2015-09-02 17:47:01.256272"]]
  [1m[35m (0.6ms)[0m  commit transaction
  [1m[36m (0.1ms)[0m  [1mbegin transaction[0m
  [1m[35mSQL (0.5ms)[0m  INSERT INTO "tags" ("name", "created_at", "updated_at") VALUES (?, ?, ?)  [["name", "amused"], ["created_at", "2015-09-02 17:47:01.258592"], ["updated_at", "2015-09-02 17:47:01.258592"]]
  [1m[36m (0.9ms)[0m  [1mcommit transaction[0m
  [1m[35m (0.1ms)[0m  begin transaction
  [1m[36mSQL (0.3ms)[0m  [1mINSERT INTO "tags" ("name", "created_at", "updated_at") VALUES (?, ?, ?)[0m  [["name", "angry"], ["created_at", "2015-09-02 17:47:01.262322"], ["updated_at", "2015-09-02 17:47:01.262322"]]
  [1m[35m (0.6ms)[0m  commit transaction
  [1m[36m (0.1ms)[0m  [1mbegin transaction[0m
  [1m[35mSQL (0.2ms)[0m  INSERT INTO "tags" ("name", "created_at", "updated_at") VALUES (?, ?, ?)  [["name", "annoyed"], ["created_at", "2015-09-02 17:47:01.264794"], ["updated_at", "2015-09-02 17:47:01.264794"]]
  [1m[36m (0.7ms)[0m  [1mcommit transaction[0m
  [1m[35m (0.1ms)[0m  begin transaction
  [1m[36mSQL (0.2ms)[0m  [1mINSERT INTO "tags" ("name", "created_at", "updated_at") VALUES (?, ?, ?)[0m  [["name", "annoying"], ["created_at", "2015-09-02 17:47:01.267116"], ["updated_at", "2015-09-02 17:47:01.267116"]]
  [1m[35m (0.7ms)[0m  commit transaction
  [1m[36m (0.1ms)[0m  [1mbegin transaction[0m
  [1m[35mSQL (0.3ms)[0m  INSERT INTO "tags" ("name", "created_at", "updated_at") VALUES (?, ?, ?)  [["name", "anxious"], ["created_at", "2015-09-02 17:47:01.269398"], ["updated_at", "2015-09-02 17:47:01.269398"]]
  [1m[36m (0.7ms)[0m  [1mcommit transaction[0m
  [1m[35m (0.1ms)[0m  begin transaction
  [1m[36mSQL (0.3ms)[0m  [1mINSERT INTO "tags" ("name", "created_at", "updated_at") VALUES (?, ?, ?)[0m  [["name", "arrogant"], ["created_at", "2015-09-02 17:47:01.272951"], ["updated_at", "2015-09-02 17:47:01.272951"]]
  [1m[35m (0.6ms)[0m  commit transaction
  [1m[36m (0.1ms)[0m  [1mbegin transaction[0m
  [1m[35mSQL (0.4ms)[0m  INSERT INTO "tags" ("name", "created_at", "updated_at") VALUES (?, ?, ?)  [["name", "ashamed"], ["created_at", "2015-09-02 17:47:01.275890"], ["updated_at", "2015-09-02 17:47:01.275890"]]
  [1m[36m (0.9ms)[0m  [1mcommit transaction[0m
  [1m[35m (0.1ms)[0m  begin transaction
  [1m[36mSQL (0.4ms)[0m  [1mINSERT INTO "tags" ("name", "created_at", "updated_at") VALUES (?, ?, ?)[0m  [["name", "attractive"], ["created_at", "2015-09-02 17:47:01.279374"], ["updated_at", "2015-09-02 17:47:01.279374"]]
  [1m[35m (0.7ms)[0m  commit transaction
  [1m[36m (0.1ms)[0m  [1mbegin transaction[0m
  [1m[35mSQL (0.4ms)[0m  INSERT INTO "tags" ("name", "created_at", "updated_at") VALUES (?, ?, ?)  [["name", "average"], ["created_at", "2015-09-02 17:47:01.283545"], ["updated_at", "2015-09-02 17:47:01.283545"]]
  [1m[36m (0.7ms)[0m  [1mcommit transaction[0m
  [1m[35m (0.1ms)[0m  begin transaction
  [1m[36mSQL (0.3ms)[0m  [1mINSERT INTO "tags" ("name", "created_at", "updated_at") VALUES (?, ?, ?)[0m  [["name", "awful"], ["created_at", "2015-09-02 17:47:01.286736"], ["updated_at", "2015-09-02 17:47:01.286736"]]
  [1m[35m (0.8ms)[0m  commit transaction
  [1m[36m (0.1ms)[0m  [1mbegin transaction[0m
  [1m[35mSQL (0.2ms)[0m  INSERT INTO "tags" ("name", "created_at", "updated_at") VALUES (?, ?, ?)  [["name", "bad"], ["created_at", "2015-09-02 17:47:01.290064"], ["updated_at", "2015-09-02 17:47:01.290064"]]
  [1m[36m (0.6ms)[0m  [1mcommit transaction[0m
  [1m[35m (0.1ms)[0m  begin transaction
  [1m[36mSQL (0.2ms)[0m  [1mINSERT INTO "tags" ("name", "created_at", "updated_at") VALUES (?, ?, ?)[0m  [["name", "beautiful"], ["created_at", "2015-09-02 17:47:01.292811"], ["updated_at", "2015-09-02 17:47:01.292811"]]
  [1m[35m (0.6ms)[0m  commit transaction
  [1m[36m (0.1ms)[0m  [1mbegin transaction[0m
  [1m[35mSQL (0.2ms)[0m  INSERT INTO "tags" ("name", "created_at", "updated_at") VALUES (?, ?, ?)  [["name", "better"], ["created_at", "2015-09-02 17:47:01.295254"], ["updated_at", "2015-09-02 17:47:01.295254"]]
  [1m[36m (0.6ms)[0m  [1mcommit transaction[0m
  [1m[35m (0.1ms)[0m  begin transaction
  [1m[36mSQL (0.2ms)[0m  [1mINSERT INTO "tags" ("name", "created_at", "updated_at") VALUES (?, ?, ?)[0m  [["name", "bewildered"], ["created_at", "2015-09-02 17:47:01.297576"], ["updated_at", "2015-09-02 17:47:01.297576"]]
  [1m[35m (0.6ms)[0m  commit transaction
  [1m[36m (0.0ms)[0m  [1mbegin transaction[0m
  [1m[35mSQL (0.3ms)[0m  INSERT INTO "tags" ("name", "created_at", "updated_at") VALUES (?, ?, ?)  [["name", "black"], ["created_at", "2015-09-02 17:47:01.299719"], ["updated_at", "2015-09-02 17:47:01.299719"]]
  [1m[36m (0.6ms)[0m  [1mcommit transaction[0m
  [1m[35m (0.1ms)[0m  begin transaction
  [1m[36mSQL (0.3ms)[0m  [1mINSERT INTO "tags" ("name", "created_at", "updated_at") VALUES (?, ?, ?)[0m  [["name", "bloody"], ["created_at", "2015-09-02 17:47:01.302212"], ["updated_at", "2015-09-02 17:47:01.302212"]]
  [1m[35m (0.7ms)[0m  commit transaction
  [1m[36m (0.1ms)[0m  [1mbegin transaction[0m
  [1m[35mSQL (0.3ms)[0m  INSERT INTO "tags" ("name", "created_at", "updated_at") VALUES (?, ?, ?)  [["name", "blue"], ["created_at", "2015-09-02 17:47:01.305091"], ["updated_at", "2015-09-02 17:47:01.305091"]]
  [1m[36m (0.7ms)[0m  [1mcommit transaction[0m
  [1m[35m (0.1ms)[0m  begin transaction
  [1m[36mSQL (0.2ms)[0m  [1mINSERT INTO "tags" ("name", "created_at", "updated_at") VALUES (?, ?, ?)[0m  [["name", "blue-eyed"], ["created_at", "2015-09-02 17:47:01.307744"], ["updated_at", "2015-09-02 17:47:01.307744"]]
  [1m[35m (0.5ms)[0m  commit transaction
  [1m[36m (0.1ms)[0m  [1mbegin transaction[0m
  [1m[35mSQL (0.3ms)[0m  INSERT INTO "tags" ("name", "created_at", "updated_at") VALUES (?, ?, ?)  [["name", "blushing"], ["created_at", "2015-09-02 17:47:01.309926"], ["updated_at", "2015-09-02 17:47:01.309926"]]
  [1m[36m (0.7ms)[0m  [1mcommit transaction[0m
  [1m[35m (0.1ms)[0m  begin transaction
  [1m[36mSQL (0.3ms)[0m  [1mINSERT INTO "tags" ("name", "created_at", "updated_at") VALUES (?, ?, ?)[0m  [["name", "bored"], ["created_at", "2015-09-02 17:47:01.312803"], ["updated_at", "2015-09-02 17:47:01.312803"]]
  [1m[35m (0.8ms)[0m  commit transaction
  [1m[36m (0.1ms)[0m  [1mbegin transaction[0m
  [1m[35mSQL (0.6ms)[0m  INSERT INTO "tags" ("name", "created_at", "updated_at") VALUES (?, ?, ?)  [["name", "brainy"], ["created_at", "2015-09-02 17:47:01.316174"], ["updated_at", "2015-09-02 17:47:01.316174"]]
  [1m[36m (0.7ms)[0m  [1mcommit transaction[0m
  [1m[35m (0.1ms)[0m  begin transaction
  [1m[36mSQL (0.4ms)[0m  [1mINSERT INTO "tags" ("name", "created_at", "updated_at") VALUES (?, ?, ?)[0m  [["name", "brave"], ["created_at", "2015-09-02 17:47:01.320578"], ["updated_at", "2015-09-02 17:47:01.320578"]]
  [1m[35m (0.6ms)[0m  commit transaction
  [1m[36m (0.0ms)[0m  [1mbegin transaction[0m
  [1m[35mSQL (0.3ms)[0m  INSERT INTO "tags" ("name", "created_at", "updated_at") VALUES (?, ?, ?)  [["name", "breakable"], ["created_at", "2015-09-02 17:47:01.323393"], ["updated_at", "2015-09-02 17:47:01.323393"]]
  [1m[36m (0.7ms)[0m  [1mcommit transaction[0m
  [1m[35m (0.1ms)[0m  begin transaction
  [1m[36mSQL (0.4ms)[0m  [1mINSERT INTO "tags" ("name", "created_at", "updated_at") VALUES (?, ?, ?)[0m  [["name", "bright"], ["created_at", "2015-09-02 17:47:01.326287"], ["updated_at", "2015-09-02 17:47:01.326287"]]
  [1m[35m (0.8ms)[0m  commit transaction
  [1m[36m (0.1ms)[0m  [1mbegin transaction[0m
  [1m[35mSQL (0.4ms)[0m  INSERT INTO "tags" ("name", "created_at", "updated_at") VALUES (?, ?, ?)  [["name", "busy"], ["created_at", "2015-09-02 17:47:01.330159"], ["updated_at", "2015-09-02 17:47:01.330159"]]
  [1m[36m (0.7ms)[0m  [1mcommit transaction[0m
  [1m[35m (0.1ms)[0m  begin transaction
  [1m[36mSQL (0.3ms)[0m  [1mINSERT INTO "tags" ("name", "created_at", "updated_at") VALUES (?, ?, ?)[0m  [["name", "calm"], ["created_at", "2015-09-02 17:47:01.333630"], ["updated_at", "2015-09-02 17:47:01.333630"]]
  [1m[35m (0.8ms)[0m  commit transaction
  [1m[36m (0.1ms)[0m  [1mbegin transaction[0m
  [1m[35mSQL (0.3ms)[0m  INSERT INTO "tags" ("name", "created_at", "updated_at") VALUES (?, ?, ?)  [["name", "careful"], ["created_at", "2015-09-02 17:47:01.336605"], ["updated_at", "2015-09-02 17:47:01.336605"]]
  [1m[36m (0.8ms)[0m  [1mcommit transaction[0m
  [1m[35m (0.1ms)[0m  begin transaction
  [1m[36mSQL (0.3ms)[0m  [1mINSERT INTO "tags" ("name", "created_at", "updated_at") VALUES (?, ?, ?)[0m  [["name", "cautious"], ["created_at", "2015-09-02 17:47:01.339718"], ["updated_at", "2015-09-02 17:47:01.339718"]]
  [1m[35m (0.6ms)[0m  commit transaction
  [1m[36m (0.1ms)[0m  [1mbegin transaction[0m
  [1m[35mSQL (0.2ms)[0m  INSERT INTO "tags" ("name", "created_at", "updated_at") VALUES (?, ?, ?)  [["name", "charming"], ["created_at", "2015-09-02 17:47:01.342480"], ["updated_at", "2015-09-02 17:47:01.342480"]]
  [1m[36m (1.0ms)[0m  [1mcommit transaction[0m
  [1m[35m (0.1ms)[0m  begin transaction
  [1m[36mSQL (0.4ms)[0m  [1mINSERT INTO "tags" ("name", "created_at", "updated_at") VALUES (?, ?, ?)[0m  [["name", "cheerful"], ["created_at", "2015-09-02 17:47:01.345479"], ["updated_at", "2015-09-02 17:47:01.345479"]]
  [1m[35m (1.0ms)[0m  commit transaction
  [1m[36m (0.1ms)[0m  [1mbegin transaction[0m
  [1m[35mSQL (0.7ms)[0m  INSERT INTO "tags" ("name", "created_at", "updated_at") VALUES (?, ?, ?)  [["name", "clean"], ["created_at", "2015-09-02 17:47:01.349082"], ["updated_at", "2015-09-02 17:47:01.349082"]]
  [1m[36m (0.8ms)[0m  [1mcommit transaction[0m
  [1m[35m (0.1ms)[0m  begin transaction
  [1m[36mSQL (0.3ms)[0m  [1mINSERT INTO "tags" ("name", "created_at", "updated_at") VALUES (?, ?, ?)[0m  [["name", "clear"], ["created_at", "2015-09-02 17:47:01.353125"], ["updated_at", "2015-09-02 17:47:01.353125"]]
  [1m[35m (0.8ms)[0m  commit transaction
  [1m[36m (0.1ms)[0m  [1mbegin transaction[0m
  [1m[35mSQL (0.2ms)[0m  INSERT INTO "tags" ("name", "created_at", "updated_at") VALUES (?, ?, ?)  [["name", "clever"], ["created_at", "2015-09-02 17:47:01.356206"], ["updated_at", "2015-09-02 17:47:01.356206"]]
  [1m[36m (0.7ms)[0m  [1mcommit transaction[0m
  [1m[35m (0.1ms)[0m  begin transaction
  [1m[36mSQL (0.2ms)[0m  [1mINSERT INTO "tags" ("name", "created_at", "updated_at") VALUES (?, ?, ?)[0m  [["name", "cloudy"], ["created_at", "2015-09-02 17:47:01.358713"], ["updated_at", "2015-09-02 17:47:01.358713"]]
  [1m[35m (0.7ms)[0m  commit transaction
  [1m[36m (0.1ms)[0m  [1mbegin transaction[0m
  [1m[35mSQL (0.3ms)[0m  INSERT INTO "tags" ("name", "created_at", "updated_at") VALUES (?, ?, ?)  [["name", "clumsy"], ["created_at", "2015-09-02 17:47:01.361379"], ["updated_at", "2015-09-02 17:47:01.361379"]]
  [1m[36m (0.6ms)[0m  [1mcommit transaction[0m
  [1m[35m (0.1ms)[0m  begin transaction
  [1m[36mSQL (0.2ms)[0m  [1mINSERT INTO "tags" ("name", "created_at", "updated_at") VALUES (?, ?, ?)[0m  [["name", "colorful"], ["created_at", "2015-09-02 17:47:01.363810"], ["updated_at", "2015-09-02 17:47:01.363810"]]
  [1m[35m (0.6ms)[0m  commit transaction
  [1m[36m (0.1ms)[0m  [1mbegin transaction[0m
  [1m[35mSQL (0.2ms)[0m  INSERT INTO "tags" ("name", "created_at", "updated_at") VALUES (?, ?, ?)  [["name", "combative"], ["created_at", "2015-09-02 17:47:01.366123"], ["updated_at", "2015-09-02 17:47:01.366123"]]
  [1m[36m (0.6ms)[0m  [1mcommit transaction[0m
  [1m[35m (0.1ms)[0m  begin transaction
  [1m[36mSQL (0.2ms)[0m  [1mINSERT INTO "tags" ("name", "created_at", "updated_at") VALUES (?, ?, ?)[0m  [["name", "comfortable"], ["created_at", "2015-09-02 17:47:01.368176"], ["updated_at", "2015-09-02 17:47:01.368176"]]
  [1m[35m (0.7ms)[0m  commit transaction
  [1m[36m (0.1ms)[0m  [1mbegin transaction[0m
  [1m[35mSQL (0.2ms)[0m  INSERT INTO "tags" ("name", "created_at", "updated_at") VALUES (?, ?, ?)  [["name", "concerned"], ["created_at", "2015-09-02 17:47:01.370419"], ["updated_at", "2015-09-02 17:47:01.370419"]]
  [1m[36m (0.6ms)[0m  [1mcommit transaction[0m
  [1m[35m (0.1ms)[0m  begin transaction
  [1m[36mSQL (0.2ms)[0m  [1mINSERT INTO "tags" ("name", "created_at", "updated_at") VALUES (?, ?, ?)[0m  [["name", "condemned"], ["created_at", "2015-09-02 17:47:01.372680"], ["updated_at", "2015-09-02 17:47:01.372680"]]
  [1m[35m (0.6ms)[0m  commit transaction
  [1m[36m (0.1ms)[0m  [1mbegin transaction[0m
  [1m[35mSQL (0.2ms)[0m  INSERT INTO "tags" ("name", "created_at", "updated_at") VALUES (?, ?, ?)  [["name", "confused"], ["created_at", "2015-09-02 17:47:01.375018"], ["updated_at", "2015-09-02 17:47:01.375018"]]
  [1m[36m (0.6ms)[0m  [1mcommit transaction[0m
  [1m[35m (0.1ms)[0m  begin transaction
  [1m[36mSQL (0.2ms)[0m  [1mINSERT INTO "tags" ("name", "created_at", "updated_at") VALUES (?, ?, ?)[0m  [["name", "cooperative"], ["created_at", "2015-09-02 17:47:01.377216"], ["updated_at", "2015-09-02 17:47:01.377216"]]
  [1m[35m (0.6ms)[0m  commit transaction
  [1m[36m (0.0ms)[0m  [1mbegin transaction[0m
  [1m[35mSQL (0.2ms)[0m  INSERT INTO "tags" ("name", "created_at", "updated_at") VALUES (?, ?, ?)  [["name", "courageous"], ["created_at", "2015-09-02 17:47:01.379273"], ["updated_at", "2015-09-02 17:47:01.379273"]]
  [1m[36m (0.6ms)[0m  [1mcommit transaction[0m
  [1m[35m (0.1ms)[0m  begin transaction
  [1m[36mSQL (0.2ms)[0m  [1mINSERT INTO "tags" ("name", "created_at", "updated_at") VALUES (?, ?, ?)[0m  [["name", "crazy"], ["created_at", "2015-09-02 17:47:01.381416"], ["updated_at", "2015-09-02 17:47:01.381416"]]
  [1m[35m (0.6ms)[0m  commit transaction
  [1m[36m (0.1ms)[0m  [1mbegin transaction[0m
  [1m[35mSQL (0.2ms)[0m  INSERT INTO "tags" ("name", "created_at", "updated_at") VALUES (?, ?, ?)  [["name", "creepy"], ["created_at", "2015-09-02 17:47:01.383568"], ["updated_at", "2015-09-02 17:47:01.383568"]]
  [1m[36m (0.6ms)[0m  [1mcommit transaction[0m
  [1m[35m (0.1ms)[0m  begin transaction
  [1m[36mSQL (0.2ms)[0m  [1mINSERT INTO "tags" ("name", "created_at", "updated_at") VALUES (?, ?, ?)[0m  [["name", "crowded"], ["created_at", "2015-09-02 17:47:01.385773"], ["updated_at", "2015-09-02 17:47:01.385773"]]
  [1m[35m (0.6ms)[0m  commit transaction
  [1m[36m (0.1ms)[0m  [1mbegin transaction[0m
  [1m[35mSQL (0.5ms)[0m  INSERT INTO "tags" ("name", "created_at", "updated_at") VALUES (?, ?, ?)  [["name", "cruel"], ["created_at", "2015-09-02 17:47:01.387945"], ["updated_at", "2015-09-02 17:47:01.387945"]]
  [1m[36m (0.8ms)[0m  [1mcommit transaction[0m
  [1m[35m (0.1ms)[0m  begin transaction
  [1m[36mSQL (0.2ms)[0m  [1mINSERT INTO "tags" ("name", "created_at", "updated_at") VALUES (?, ?, ?)[0m  [["name", "curious"], ["created_at", "2015-09-02 17:47:01.397529"], ["updated_at", "2015-09-02 17:47:01.397529"]]
  [1m[35m (0.7ms)[0m  commit transaction
  [1m[36m (0.1ms)[0m  [1mbegin transaction[0m
  [1m[35mSQL (0.2ms)[0m  INSERT INTO "tags" ("name", "created_at", "updated_at") VALUES (?, ?, ?)  [["name", "cute"], ["created_at", "2015-09-02 17:47:01.399806"], ["updated_at", "2015-09-02 17:47:01.399806"]]
  [1m[36m (0.6ms)[0m  [1mcommit transaction[0m
  [1m[35m (0.1ms)[0m  begin transaction
  [1m[36mSQL (0.2ms)[0m  [1mINSERT INTO "tags" ("name", "created_at", "updated_at") VALUES (?, ?, ?)[0m  [["name", "dangerous"], ["created_at", "2015-09-02 17:47:01.401835"], ["updated_at", "2015-09-02 17:47:01.401835"]]
  [1m[35m (0.7ms)[0m  commit transaction
  [1m[36m (0.1ms)[0m  [1mbegin transaction[0m
  [1m[35mSQL (0.2ms)[0m  INSERT INTO "tags" ("name", "created_at", "updated_at") VALUES (?, ?, ?)  [["name", "dark"], ["created_at", "2015-09-02 17:47:01.404138"], ["updated_at", "2015-09-02 17:47:01.404138"]]
  [1m[36m (0.6ms)[0m  [1mcommit transaction[0m
  [1m[35m (0.1ms)[0m  begin transaction
  [1m[36mSQL (0.2ms)[0m  [1mINSERT INTO "tags" ("name", "created_at", "updated_at") VALUES (?, ?, ?)[0m  [["name", "dead"], ["created_at", "2015-09-02 17:47:01.406502"], ["updated_at", "2015-09-02 17:47:01.406502"]]
  [1m[35m (0.7ms)[0m  commit transaction
  [1m[36m (0.0ms)[0m  [1mbegin transaction[0m
  [1m[35mSQL (0.2ms)[0m  INSERT INTO "tags" ("name", "created_at", "updated_at") VALUES (?, ?, ?)  [["name", "defeated"], ["created_at", "2015-09-02 17:47:01.408799"], ["updated_at", "2015-09-02 17:47:01.408799"]]
  [1m[36m (0.6ms)[0m  [1mcommit transaction[0m
  [1m[35m (0.1ms)[0m  begin transaction
  [1m[36mSQL (0.2ms)[0m  [1mINSERT INTO "tags" ("name", "created_at", "updated_at") VALUES (?, ?, ?)[0m  [["name", "defiant"], ["created_at", "2015-09-02 17:47:01.410889"], ["updated_at", "2015-09-02 17:47:01.410889"]]
  [1m[35m (0.6ms)[0m  commit transaction
  [1m[36m (0.0ms)[0m  [1mbegin transaction[0m
  [1m[35mSQL (0.2ms)[0m  INSERT INTO "tags" ("name", "created_at", "updated_at") VALUES (?, ?, ?)  [["name", "delightful"], ["created_at", "2015-09-02 17:47:01.412968"], ["updated_at", "2015-09-02 17:47:01.412968"]]
  [1m[36m (0.6ms)[0m  [1mcommit transaction[0m
  [1m[35m (0.1ms)[0m  begin transaction
  [1m[36mSQL (0.2ms)[0m  [1mINSERT INTO "tags" ("name", "created_at", "updated_at") VALUES (?, ?, ?)[0m  [["name", "depressed"], ["created_at", "2015-09-02 17:47:01.414949"], ["updated_at", "2015-09-02 17:47:01.414949"]]
  [1m[35m (0.7ms)[0m  commit transaction
  [1m[36m (0.1ms)[0m  [1mbegin transaction[0m
  [1m[35mSQL (0.2ms)[0m  INSERT INTO "tags" ("name", "created_at", "updated_at") VALUES (?, ?, ?)  [["name", "determined"], ["created_at", "2015-09-02 17:47:01.417136"], ["updated_at", "2015-09-02 17:47:01.417136"]]
  [1m[36m (0.7ms)[0m  [1mcommit transaction[0m
  [1m[35m (0.1ms)[0m  begin transaction
  [1m[36mSQL (0.2ms)[0m  [1mINSERT INTO "tags" ("name", "created_at", "updated_at") VALUES (?, ?, ?)[0m  [["name", "different"], ["created_at", "2015-09-02 17:47:01.419413"], ["updated_at", "2015-09-02 17:47:01.419413"]]
  [1m[35m (0.6ms)[0m  commit transaction
  [1m[36m (0.1ms)[0m  [1mbegin transaction[0m
  [1m[35mSQL (0.2ms)[0m  INSERT INTO "tags" ("name", "created_at", "updated_at") VALUES (?, ?, ?)  [["name", "difficult"], ["created_at", "2015-09-02 17:47:01.421861"], ["updated_at", "2015-09-02 17:47:01.421861"]]
  [1m[36m (0.7ms)[0m  [1mcommit transaction[0m
  [1m[35m (0.0ms)[0m  begin transaction
  [1m[36mSQL (0.2ms)[0m  [1mINSERT INTO "tags" ("name", "created_at", "updated_at") VALUES (?, ?, ?)[0m  [["name", "disgusted"], ["created_at", "2015-09-02 17:47:01.424268"], ["updated_at", "2015-09-02 17:47:01.424268"]]
  [1m[35m (0.6ms)[0m  commit transaction
  [1m[36m (0.0ms)[0m  [1mbegin transaction[0m
  [1m[35mSQL (0.2ms)[0m  INSERT INTO "tags" ("name", "created_at", "updated_at") VALUES (?, ?, ?)  [["name", "distinct"], ["created_at", "2015-09-02 17:47:01.426376"], ["updated_at", "2015-09-02 17:47:01.426376"]]
  [1m[36m (0.6ms)[0m  [1mcommit transaction[0m
  [1m[35m (0.1ms)[0m  begin transaction
  [1m[36mSQL (0.2ms)[0m  [1mINSERT INTO "tags" ("name", "created_at", "updated_at") VALUES (?, ?, ?)[0m  [["name", "disturbed"], ["created_at", "2015-09-02 17:47:01.428627"], ["updated_at", "2015-09-02 17:47:01.428627"]]
  [1m[35m (0.7ms)[0m  commit transaction
  [1m[36m (0.1ms)[0m  [1mbegin transaction[0m
  [1m[35mSQL (0.2ms)[0m  INSERT INTO "tags" ("name", "created_at", "updated_at") VALUES (?, ?, ?)  [["name", "dizzy"], ["created_at", "2015-09-02 17:47:01.430844"], ["updated_at", "2015-09-02 17:47:01.430844"]]
  [1m[36m (0.7ms)[0m  [1mcommit transaction[0m
  [1m[35m (0.0ms)[0m  begin transaction
  [1m[36mSQL (0.2ms)[0m  [1mINSERT INTO "tags" ("name", "created_at", "updated_at") VALUES (?, ?, ?)[0m  [["name", "doubtful"], ["created_at", "2015-09-02 17:47:01.432896"], ["updated_at", "2015-09-02 17:47:01.432896"]]
  [1m[35m (0.7ms)[0m  commit transaction
  [1m[36m (0.1ms)[0m  [1mbegin transaction[0m
  [1m[35mSQL (0.2ms)[0m  INSERT INTO "tags" ("name", "created_at", "updated_at") VALUES (?, ?, ?)  [["name", "drab"], ["created_at", "2015-09-02 17:47:01.435028"], ["updated_at", "2015-09-02 17:47:01.435028"]]
  [1m[36m (0.6ms)[0m  [1mcommit transaction[0m
  [1m[35m (0.1ms)[0m  begin transaction
  [1m[36mSQL (0.3ms)[0m  [1mINSERT INTO "tags" ("name", "created_at", "updated_at") VALUES (?, ?, ?)[0m  [["name", "dull"], ["created_at", "2015-09-02 17:47:01.436977"], ["updated_at", "2015-09-02 17:47:01.436977"]]
  [1m[35m (0.6ms)[0m  commit transaction
  [1m[36m (0.0ms)[0m  [1mbegin transaction[0m
  [1m[35mSQL (0.2ms)[0m  INSERT INTO "tags" ("name", "created_at", "updated_at") VALUES (?, ?, ?)  [["name", "eager"], ["created_at", "2015-09-02 17:47:01.439070"], ["updated_at", "2015-09-02 17:47:01.439070"]]
  [1m[36m (0.7ms)[0m  [1mcommit transaction[0m
  [1m[35m (0.1ms)[0m  begin transaction
  [1m[36mSQL (0.2ms)[0m  [1mINSERT INTO "tags" ("name", "created_at", "updated_at") VALUES (?, ?, ?)[0m  [["name", "easy"], ["created_at", "2015-09-02 17:47:01.441406"], ["updated_at", "2015-09-02 17:47:01.441406"]]
  [1m[35m (0.6ms)[0m  commit transaction
  [1m[36m (0.1ms)[0m  [1mbegin transaction[0m
  [1m[35mSQL (0.2ms)[0m  INSERT INTO "tags" ("name", "created_at", "updated_at") VALUES (?, ?, ?)  [["name", "elated"], ["created_at", "2015-09-02 17:47:01.443485"], ["updated_at", "2015-09-02 17:47:01.443485"]]
  [1m[36m (0.6ms)[0m  [1mcommit transaction[0m
  [1m[35m (0.1ms)[0m  begin transaction
  [1m[36mSQL (0.3ms)[0m  [1mINSERT INTO "tags" ("name", "created_at", "updated_at") VALUES (?, ?, ?)[0m  [["name", "elegant"], ["created_at", "2015-09-02 17:47:01.445656"], ["updated_at", "2015-09-02 17:47:01.445656"]]
  [1m[35m (0.7ms)[0m  commit transaction
  [1m[36m (0.0ms)[0m  [1mbegin transaction[0m
  [1m[35mSQL (0.2ms)[0m  INSERT INTO "tags" ("name", "created_at", "updated_at") VALUES (?, ?, ?)  [["name", "embarrassed"], ["created_at", "2015-09-02 17:47:01.447860"], ["updated_at", "2015-09-02 17:47:01.447860"]]
  [1m[36m (0.6ms)[0m  [1mcommit transaction[0m
  [1m[35m (0.1ms)[0m  begin transaction
  [1m[36mSQL (0.2ms)[0m  [1mINSERT INTO "tags" ("name", "created_at", "updated_at") VALUES (?, ?, ?)[0m  [["name", "enchanting"], ["created_at", "2015-09-02 17:47:01.450087"], ["updated_at", "2015-09-02 17:47:01.450087"]]
  [1m[35m (0.6ms)[0m  commit transaction
  [1m[36m (0.1ms)[0m  [1mbegin transaction[0m
  [1m[35mSQL (0.2ms)[0m  INSERT INTO "tags" ("name", "created_at", "updated_at") VALUES (?, ?, ?)  [["name", "encouraging"], ["created_at", "2015-09-02 17:47:01.452369"], ["updated_at", "2015-09-02 17:47:01.452369"]]
  [1m[36m (0.6ms)[0m  [1mcommit transaction[0m
  [1m[35m (0.1ms)[0m  begin transaction
  [1m[36mSQL (0.2ms)[0m  [1mINSERT INTO "tags" ("name", "created_at", "updated_at") VALUES (?, ?, ?)[0m  [["name", "energetic"], ["created_at", "2015-09-02 17:47:01.454589"], ["updated_at", "2015-09-02 17:47:01.454589"]]
  [1m[35m (0.6ms)[0m  commit transaction
  [1m[36m (0.0ms)[0m  [1mbegin transaction[0m
  [1m[35mSQL (0.2ms)[0m  INSERT INTO "tags" ("name", "created_at", "updated_at") VALUES (?, ?, ?)  [["name", "enthusiastic"], ["created_at", "2015-09-02 17:47:01.456659"], ["updated_at", "2015-09-02 17:47:01.456659"]]
  [1m[36m (0.6ms)[0m  [1mcommit transaction[0m
  [1m[35m (0.1ms)[0m  begin transaction
  [1m[36mSQL (0.2ms)[0m  [1mINSERT INTO "tags" ("name", "created_at", "updated_at") VALUES (?, ?, ?)[0m  [["name", "envious"], ["created_at", "2015-09-02 17:47:01.459024"], ["updated_at", "2015-09-02 17:47:01.459024"]]
  [1m[35m (0.6ms)[0m  commit transaction
  [1m[36m (0.1ms)[0m  [1mbegin transaction[0m
  [1m[35mSQL (0.2ms)[0m  INSERT INTO "tags" ("name", "created_at", "updated_at") VALUES (?, ?, ?)  [["name", "evil"], ["created_at", "2015-09-02 17:47:01.461110"], ["updated_at", "2015-09-02 17:47:01.461110"]]
  [1m[36m (0.7ms)[0m  [1mcommit transaction[0m
  [1m[35m (0.1ms)[0m  begin transaction
  [1m[36mSQL (0.2ms)[0m  [1mINSERT INTO "tags" ("name", "created_at", "updated_at") VALUES (?, ?, ?)[0m  [["name", "excited"], ["created_at", "2015-09-02 17:47:01.463208"], ["updated_at", "2015-09-02 17:47:01.463208"]]
  [1m[35m (0.8ms)[0m  commit transaction
  [1m[36m (0.1ms)[0m  [1mbegin transaction[0m
  [1m[35mSQL (0.2ms)[0m  INSERT INTO "tags" ("name", "created_at", "updated_at") VALUES (?, ?, ?)  [["name", "expensive"], ["created_at", "2015-09-02 17:47:01.465393"], ["updated_at", "2015-09-02 17:47:01.465393"]]
  [1m[36m (0.6ms)[0m  [1mcommit transaction[0m
  [1m[35m (0.0ms)[0m  begin transaction
  [1m[36mSQL (0.2ms)[0m  [1mINSERT INTO "tags" ("name", "created_at", "updated_at") VALUES (?, ?, ?)[0m  [["name", "exuberant"], ["created_at", "2015-09-02 17:47:01.467363"], ["updated_at", "2015-09-02 17:47:01.467363"]]
  [1m[35m (0.6ms)[0m  commit transaction
  [1m[36m (0.1ms)[0m  [1mbegin transaction[0m
  [1m[35mSQL (0.2ms)[0m  INSERT INTO "tags" ("name", "created_at", "updated_at") VALUES (?, ?, ?)  [["name", "fair"], ["created_at", "2015-09-02 17:47:01.469369"], ["updated_at", "2015-09-02 17:47:01.469369"]]
  [1m[36m (0.8ms)[0m  [1mcommit transaction[0m
  [1m[35m (0.1ms)[0m  begin transaction
  [1m[36mSQL (0.2ms)[0m  [1mINSERT INTO "tags" ("name", "created_at", "updated_at") VALUES (?, ?, ?)[0m  [["name", "faithful"], ["created_at", "2015-09-02 17:47:01.471843"], ["updated_at", "2015-09-02 17:47:01.471843"]]
  [1m[35m (0.6ms)[0m  commit transaction
  [1m[36m (0.0ms)[0m  [1mbegin transaction[0m
  [1m[35mSQL (0.2ms)[0m  INSERT INTO "tags" ("name", "created_at", "updated_at") VALUES (?, ?, ?)  [["name", "famous"], ["created_at", "2015-09-02 17:47:01.473973"], ["updated_at", "2015-09-02 17:47:01.473973"]]
  [1m[36m (0.5ms)[0m  [1mcommit transaction[0m
  [1m[35m (0.1ms)[0m  begin transaction
  [1m[36mSQL (0.2ms)[0m  [1mINSERT INTO "tags" ("name", "created_at", "updated_at") VALUES (?, ?, ?)[0m  [["name", "fancy"], ["created_at", "2015-09-02 17:47:01.476032"], ["updated_at", "2015-09-02 17:47:01.476032"]]
  [1m[35m (0.6ms)[0m  commit transaction
  [1m[36m (0.1ms)[0m  [1mbegin transaction[0m
  [1m[35mSQL (0.2ms)[0m  INSERT INTO "tags" ("name", "created_at", "updated_at") VALUES (?, ?, ?)  [["name", "fantastic"], ["created_at", "2015-09-02 17:47:01.478024"], ["updated_at", "2015-09-02 17:47:01.478024"]]
  [1m[36m (0.6ms)[0m  [1mcommit transaction[0m
  [1m[35m (0.1ms)[0m  begin transaction
  [1m[36mSQL (0.2ms)[0m  [1mINSERT INTO "tags" ("name", "created_at", "updated_at") VALUES (?, ?, ?)[0m  [["name", "fierce"], ["created_at", "2015-09-02 17:47:01.480136"], ["updated_at", "2015-09-02 17:47:01.480136"]]
  [1m[35m (0.7ms)[0m  commit transaction
  [1m[36m (0.1ms)[0m  [1mbegin transaction[0m
  [1m[35mSQL (0.3ms)[0m  INSERT INTO "tags" ("name", "created_at", "updated_at") VALUES (?, ?, ?)  [["name", "filthy"], ["created_at", "2015-09-02 17:47:01.482302"], ["updated_at", "2015-09-02 17:47:01.482302"]]
  [1m[36m (0.7ms)[0m  [1mcommit transaction[0m
  [1m[35m (0.0ms)[0m  begin transaction
  [1m[36mSQL (0.2ms)[0m  [1mINSERT INTO "tags" ("name", "created_at", "updated_at") VALUES (?, ?, ?)[0m  [["name", "fine"], ["created_at", "2015-09-02 17:47:01.484650"], ["updated_at", "2015-09-02 17:47:01.484650"]]
  [1m[35m (0.6ms)[0m  commit transaction
  [1m[36m (0.0ms)[0m  [1mbegin transaction[0m
  [1m[35mSQL (0.2ms)[0m  INSERT INTO "tags" ("name", "created_at", "updated_at") VALUES (?, ?, ?)  [["name", "foolish"], ["created_at", "2015-09-02 17:47:01.486724"], ["updated_at", "2015-09-02 17:47:01.486724"]]
  [1m[36m (0.6ms)[0m  [1mcommit transaction[0m
  [1m[35m (0.0ms)[0m  begin transaction
  [1m[36mSQL (0.2ms)[0m  [1mINSERT INTO "tags" ("name", "created_at", "updated_at") VALUES (?, ?, ?)[0m  [["name", "fragile"], ["created_at", "2015-09-02 17:47:01.488894"], ["updated_at", "2015-09-02 17:47:01.488894"]]
  [1m[35m (0.6ms)[0m  commit transaction
  [1m[36m (0.1ms)[0m  [1mbegin transaction[0m
  [1m[35mSQL (0.3ms)[0m  INSERT INTO "tags" ("name", "created_at", "updated_at") VALUES (?, ?, ?)  [["name", "frail"], ["created_at", "2015-09-02 17:47:01.491137"], ["updated_at", "2015-09-02 17:47:01.491137"]]
  [1m[36m (0.8ms)[0m  [1mcommit transaction[0m
  [1m[35m (0.1ms)[0m  begin transaction
  [1m[36mSQL (0.4ms)[0m  [1mINSERT INTO "tags" ("name", "created_at", "updated_at") VALUES (?, ?, ?)[0m  [["name", "frantic"], ["created_at", "2015-09-02 17:47:01.493992"], ["updated_at", "2015-09-02 17:47:01.493992"]]
  [1m[35m (0.8ms)[0m  commit transaction
  [1m[36m (0.1ms)[0m  [1mbegin transaction[0m
  [1m[35mSQL (0.2ms)[0m  INSERT INTO "tags" ("name", "created_at", "updated_at") VALUES (?, ?, ?)  [["name", "friendly"], ["created_at", "2015-09-02 17:47:01.497082"], ["updated_at", "2015-09-02 17:47:01.497082"]]
  [1m[36m (0.6ms)[0m  [1mcommit transaction[0m
  [1m[35m (0.0ms)[0m  begin transaction
  [1m[36mSQL (0.3ms)[0m  [1mINSERT INTO "tags" ("name", "created_at", "updated_at") VALUES (?, ?, ?)[0m  [["name", "frightened"], ["created_at", "2015-09-02 17:47:01.499418"], ["updated_at", "2015-09-02 17:47:01.499418"]]
  [1m[35m (0.7ms)[0m  commit transaction
  [1m[36m (0.1ms)[0m  [1mbegin transaction[0m
  [1m[35mSQL (0.4ms)[0m  INSERT INTO "tags" ("name", "created_at", "updated_at") VALUES (?, ?, ?)  [["name", "funny"], ["created_at", "2015-09-02 17:47:01.502494"], ["updated_at", "2015-09-02 17:47:01.502494"]]
  [1m[36m (0.7ms)[0m  [1mcommit transaction[0m
  [1m[35m (0.1ms)[0m  begin transaction
  [1m[36mSQL (0.3ms)[0m  [1mINSERT INTO "tags" ("name", "created_at", "updated_at") VALUES (?, ?, ?)[0m  [["name", "gentle"], ["created_at", "2015-09-02 17:47:01.505124"], ["updated_at", "2015-09-02 17:47:01.505124"]]
  [1m[35m (0.6ms)[0m  commit transaction
  [1m[36m (0.1ms)[0m  [1mbegin transaction[0m
  [1m[35mSQL (0.2ms)[0m  INSERT INTO "tags" ("name", "created_at", "updated_at") VALUES (?, ?, ?)  [["name", "gifted"], ["created_at", "2015-09-02 17:47:01.507638"], ["updated_at", "2015-09-02 17:47:01.507638"]]
  [1m[36m (0.6ms)[0m  [1mcommit transaction[0m
  [1m[35m (0.1ms)[0m  begin transaction
  [1m[36mSQL (0.4ms)[0m  [1mINSERT INTO "tags" ("name", "created_at", "updated_at") VALUES (?, ?, ?)[0m  [["name", "glamorous"], ["created_at", "2015-09-02 17:47:01.510019"], ["updated_at", "2015-09-02 17:47:01.510019"]]
  [1m[35m (0.8ms)[0m  commit transaction
  [1m[36m (0.1ms)[0m  [1mbegin transaction[0m
  [1m[35mSQL (0.4ms)[0m  INSERT INTO "tags" ("name", "created_at", "updated_at") VALUES (?, ?, ?)  [["name", "gleaming"], ["created_at", "2015-09-02 17:47:01.513344"], ["updated_at", "2015-09-02 17:47:01.513344"]]
  [1m[36m (0.8ms)[0m  [1mcommit transaction[0m
  [1m[35m (0.1ms)[0m  begin transaction
  [1m[36mSQL (0.3ms)[0m  [1mINSERT INTO "tags" ("name", "created_at", "updated_at") VALUES (?, ?, ?)[0m  [["name", "glorious"], ["created_at", "2015-09-02 17:47:01.516456"], ["updated_at", "2015-09-02 17:47:01.516456"]]
  [1m[35m (0.6ms)[0m  commit transaction
  [1m[36m (0.0ms)[0m  [1mbegin transaction[0m
  [1m[35mSQL (0.8ms)[0m  INSERT INTO "tags" ("name", "created_at", "updated_at") VALUES (?, ?, ?)  [["name", "good"], ["created_at", "2015-09-02 17:47:01.518870"], ["updated_at", "2015-09-02 17:47:01.518870"]]
  [1m[36m (0.7ms)[0m  [1mcommit transaction[0m
  [1m[35m (0.1ms)[0m  begin transaction
  [1m[36mSQL (0.2ms)[0m  [1mINSERT INTO "tags" ("name", "created_at", "updated_at") VALUES (?, ?, ?)[0m  [["name", "gorgeous"], ["created_at", "2015-09-02 17:47:01.522077"], ["updated_at", "2015-09-02 17:47:01.522077"]]
  [1m[35m (0.6ms)[0m  commit transaction
  [1m[36m (0.1ms)[0m  [1mbegin transaction[0m
  [1m[35mSQL (0.3ms)[0m  INSERT INTO "tags" ("name", "created_at", "updated_at") VALUES (?, ?, ?)  [["name", "graceful"], ["created_at", "2015-09-02 17:47:01.524242"], ["updated_at", "2015-09-02 17:47:01.524242"]]
  [1m[36m (0.8ms)[0m  [1mcommit transaction[0m
  [1m[35m (0.1ms)[0m  begin transaction
  [1m[36mSQL (0.4ms)[0m  [1mINSERT INTO "tags" ("name", "created_at", "updated_at") VALUES (?, ?, ?)[0m  [["name", "grieving"], ["created_at", "2015-09-02 17:47:01.527451"], ["updated_at", "2015-09-02 17:47:01.527451"]]
  [1m[35m (0.8ms)[0m  commit transaction
  [1m[36m (0.1ms)[0m  [1mbegin transaction[0m
  [1m[35mSQL (0.2ms)[0m  INSERT INTO "tags" ("name", "created_at", "updated_at") VALUES (?, ?, ?)  [["name", "grotesque"], ["created_at", "2015-09-02 17:47:01.530612"], ["updated_at", "2015-09-02 17:47:01.530612"]]
  [1m[36m (0.7ms)[0m  [1mcommit transaction[0m
  [1m[35m (0.1ms)[0m  begin transaction
  [1m[36mSQL (0.2ms)[0m  [1mINSERT INTO "tags" ("name", "created_at", "updated_at") VALUES (?, ?, ?)[0m  [["name", "grumpy"], ["created_at", "2015-09-02 17:47:01.532837"], ["updated_at", "2015-09-02 17:47:01.532837"]]
  [1m[35m (0.7ms)[0m  commit transaction
  [1m[36m (0.0ms)[0m  [1mbegin transaction[0m
  [1m[35mSQL (0.2ms)[0m  INSERT INTO "tags" ("name", "created_at", "updated_at") VALUES (?, ?, ?)  [["name", "handsome"], ["created_at", "2015-09-02 17:47:01.535049"], ["updated_at", "2015-09-02 17:47:01.535049"]]
  [1m[36m (0.6ms)[0m  [1mcommit transaction[0m
  [1m[35m (0.0ms)[0m  begin transaction
  [1m[36mSQL (0.2ms)[0m  [1mINSERT INTO "tags" ("name", "created_at", "updated_at") VALUES (?, ?, ?)[0m  [["name", "happy"], ["created_at", "2015-09-02 17:47:01.537220"], ["updated_at", "2015-09-02 17:47:01.537220"]]
  [1m[35m (0.7ms)[0m  commit transaction
  [1m[36m (0.1ms)[0m  [1mbegin transaction[0m
  [1m[35mSQL (0.3ms)[0m  INSERT INTO "tags" ("name", "created_at", "updated_at") VALUES (?, ?, ?)  [["name", "healthy"], ["created_at", "2015-09-02 17:47:01.540099"], ["updated_at", "2015-09-02 17:47:01.540099"]]
  [1m[36m (0.6ms)[0m  [1mcommit transaction[0m
  [1m[35m (0.1ms)[0m  begin transaction
  [1m[36mSQL (0.4ms)[0m  [1mINSERT INTO "tags" ("name", "created_at", "updated_at") VALUES (?, ?, ?)[0m  [["name", "helpful"], ["created_at", "2015-09-02 17:47:01.542907"], ["updated_at", "2015-09-02 17:47:01.542907"]]
  [1m[35m (0.8ms)[0m  commit transaction
  [1m[36m (0.1ms)[0m  [1mbegin transaction[0m
  [1m[35mSQL (0.6ms)[0m  INSERT INTO "tags" ("name", "created_at", "updated_at") VALUES (?, ?, ?)  [["name", "helpless"], ["created_at", "2015-09-02 17:47:01.546332"], ["updated_at", "2015-09-02 17:47:01.546332"]]
  [1m[36m (0.8ms)[0m  [1mcommit transaction[0m
  [1m[35m (0.1ms)[0m  begin transaction
  [1m[36mSQL (0.2ms)[0m  [1mINSERT INTO "tags" ("name", "created_at", "updated_at") VALUES (?, ?, ?)[0m  [["name", "hilarious"], ["created_at", "2015-09-02 17:47:01.549409"], ["updated_at", "2015-09-02 17:47:01.549409"]]
  [1m[35m (0.6ms)[0m  commit transaction
  [1m[36m (0.1ms)[0m  [1mbegin transaction[0m
  [1m[35mSQL (0.2ms)[0m  INSERT INTO "tags" ("name", "created_at", "updated_at") VALUES (?, ?, ?)  [["name", "homeless"], ["created_at", "2015-09-02 17:47:01.551650"], ["updated_at", "2015-09-02 17:47:01.551650"]]
  [1m[36m (0.7ms)[0m  [1mcommit transaction[0m
  [1m[35m (0.1ms)[0m  begin transaction
  [1m[36mSQL (0.2ms)[0m  [1mINSERT INTO "tags" ("name", "created_at", "updated_at") VALUES (?, ?, ?)[0m  [["name", "homely"], ["created_at", "2015-09-02 17:47:01.554198"], ["updated_at", "2015-09-02 17:47:01.554198"]]
  [1m[35m (0.7ms)[0m  commit transaction
  [1m[36m (0.1ms)[0m  [1mbegin transaction[0m
  [1m[35mSQL (0.2ms)[0m  INSERT INTO "tags" ("name", "created_at", "updated_at") VALUES (?, ?, ?)  [["name", "horrible"], ["created_at", "2015-09-02 17:47:01.556498"], ["updated_at", "2015-09-02 17:47:01.556498"]]
  [1m[36m (0.7ms)[0m  [1mcommit transaction[0m
  [1m[35m (0.1ms)[0m  begin transaction
  [1m[36mSQL (0.4ms)[0m  [1mINSERT INTO "tags" ("name", "created_at", "updated_at") VALUES (?, ?, ?)[0m  [["name", "hungry"], ["created_at", "2015-09-02 17:47:01.559272"], ["updated_at", "2015-09-02 17:47:01.559272"]]
  [1m[35m (0.8ms)[0m  commit transaction
  [1m[36m (0.1ms)[0m  [1mbegin transaction[0m
  [1m[35mSQL (0.6ms)[0m  INSERT INTO "tags" ("name", "created_at", "updated_at") VALUES (?, ?, ?)  [["name", "hurt"], ["created_at", "2015-09-02 17:47:01.563072"], ["updated_at", "2015-09-02 17:47:01.563072"]]
  [1m[36m (0.8ms)[0m  [1mcommit transaction[0m
  [1m[35m (0.1ms)[0m  begin transaction
  [1m[36mSQL (0.3ms)[0m  [1mINSERT INTO "tags" ("name", "created_at", "updated_at") VALUES (?, ?, ?)[0m  [["name", "ill"], ["created_at", "2015-09-02 17:47:01.566492"], ["updated_at", "2015-09-02 17:47:01.566492"]]
  [1m[35m (0.7ms)[0m  commit transaction
  [1m[36m (0.1ms)[0m  [1mbegin transaction[0m
  [1m[35mSQL (0.3ms)[0m  INSERT INTO "tags" ("name", "created_at", "updated_at") VALUES (?, ?, ?)  [["name", "important"], ["created_at", "2015-09-02 17:47:01.568872"], ["updated_at", "2015-09-02 17:47:01.568872"]]
  [1m[36m (1.0ms)[0m  [1mcommit transaction[0m
  [1m[35m (0.1ms)[0m  begin transaction
  [1m[36mSQL (0.3ms)[0m  [1mINSERT INTO "tags" ("name", "created_at", "updated_at") VALUES (?, ?, ?)[0m  [["name", "impossible"], ["created_at", "2015-09-02 17:47:01.572220"], ["updated_at", "2015-09-02 17:47:01.572220"]]
  [1m[35m (0.6ms)[0m  commit transaction
  [1m[36m (0.1ms)[0m  [1mbegin transaction[0m
  [1m[35mSQL (0.3ms)[0m  INSERT INTO "tags" ("name", "created_at", "updated_at") VALUES (?, ?, ?)  [["name", "inexpensive"], ["created_at", "2015-09-02 17:47:01.574541"], ["updated_at", "2015-09-02 17:47:01.574541"]]
  [1m[36m (0.7ms)[0m  [1mcommit transaction[0m
  [1m[35m (0.1ms)[0m  begin transaction
  [1m[36mSQL (0.3ms)[0m  [1mINSERT INTO "tags" ("name", "created_at", "updated_at") VALUES (?, ?, ?)[0m  [["name", "innocent"], ["created_at", "2015-09-02 17:47:01.577221"], ["updated_at", "2015-09-02 17:47:01.577221"]]
  [1m[35m (1.1ms)[0m  commit transaction
  [1m[36m (0.1ms)[0m  [1mbegin transaction[0m
  [1m[35mSQL (0.2ms)[0m  INSERT INTO "tags" ("name", "created_at", "updated_at") VALUES (?, ?, ?)  [["name", "inquisitive"], ["created_at", "2015-09-02 17:47:01.580452"], ["updated_at", "2015-09-02 17:47:01.580452"]]
  [1m[36m (0.6ms)[0m  [1mcommit transaction[0m
  [1m[35m (0.1ms)[0m  begin transaction
  [1m[36mSQL (0.2ms)[0m  [1mINSERT INTO "tags" ("name", "created_at", "updated_at") VALUES (?, ?, ?)[0m  [["name", "itchy"], ["created_at", "2015-09-02 17:47:01.582762"], ["updated_at", "2015-09-02 17:47:01.582762"]]
  [1m[35m (0.6ms)[0m  commit transaction
  [1m[36m (0.1ms)[0m  [1mbegin transaction[0m
  [1m[35mSQL (0.2ms)[0m  INSERT INTO "tags" ("name", "created_at", "updated_at") VALUES (?, ?, ?)  [["name", "jealous"], ["created_at", "2015-09-02 17:47:01.584919"], ["updated_at", "2015-09-02 17:47:01.584919"]]
  [1m[36m (0.8ms)[0m  [1mcommit transaction[0m
  [1m[35m (0.1ms)[0m  begin transaction
  [1m[36mSQL (0.3ms)[0m  [1mINSERT INTO "tags" ("name", "created_at", "updated_at") VALUES (?, ?, ?)[0m  [["name", "jittery"], ["created_at", "2015-09-02 17:47:01.587529"], ["updated_at", "2015-09-02 17:47:01.587529"]]
  [1m[35m (0.9ms)[0m  commit transaction
  [1m[36m (0.1ms)[0m  [1mbegin transaction[0m
  [1m[35mSQL (0.2ms)[0m  INSERT INTO "tags" ("name", "created_at", "updated_at") VALUES (?, ?, ?)  [["name", "jolly"], ["created_at", "2015-09-02 17:47:01.590491"], ["updated_at", "2015-09-02 17:47:01.590491"]]
  [1m[36m (0.6ms)[0m  [1mcommit transaction[0m
  [1m[35m (0.1ms)[0m  begin transaction
  [1m[36mSQL (0.3ms)[0m  [1mINSERT INTO "tags" ("name", "created_at", "updated_at") VALUES (?, ?, ?)[0m  [["name", "joyous"], ["created_at", "2015-09-02 17:47:01.593137"], ["updated_at", "2015-09-02 17:47:01.593137"]]
  [1m[35m (1.1ms)[0m  commit transaction
  [1m[36m (0.1ms)[0m  [1mbegin transaction[0m
  [1m[35mSQL (0.3ms)[0m  INSERT INTO "tags" ("name", "created_at", "updated_at") VALUES (?, ?, ?)  [["name", "kind"], ["created_at", "2015-09-02 17:47:01.596765"], ["updated_at", "2015-09-02 17:47:01.596765"]]
  [1m[36m (0.7ms)[0m  [1mcommit transaction[0m
  [1m[35m (0.1ms)[0m  begin transaction
  [1m[36mSQL (0.2ms)[0m  [1mINSERT INTO "tags" ("name", "created_at", "updated_at") VALUES (?, ?, ?)[0m  [["name", "lazy"], ["created_at", "2015-09-02 17:47:01.599270"], ["updated_at", "2015-09-02 17:47:01.599270"]]
  [1m[35m (0.7ms)[0m  commit transaction
  [1m[36m (0.0ms)[0m  [1mbegin transaction[0m
  [1m[35mSQL (0.2ms)[0m  INSERT INTO "tags" ("name", "created_at", "updated_at") VALUES (?, ?, ?)  [["name", "light"], ["created_at", "2015-09-02 17:47:01.601511"], ["updated_at", "2015-09-02 17:47:01.601511"]]
  [1m[36m (0.6ms)[0m  [1mcommit transaction[0m
  [1m[35m (0.1ms)[0m  begin transaction
  [1m[36mSQL (0.2ms)[0m  [1mINSERT INTO "tags" ("name", "created_at", "updated_at") VALUES (?, ?, ?)[0m  [["name", "lively"], ["created_at", "2015-09-02 17:47:01.604009"], ["updated_at", "2015-09-02 17:47:01.604009"]]
  [1m[35m (0.6ms)[0m  commit transaction
  [1m[36m (0.0ms)[0m  [1mbegin transaction[0m
  [1m[35mSQL (0.3ms)[0m  INSERT INTO "tags" ("name", "created_at", "updated_at") VALUES (?, ?, ?)  [["name", "lonely"], ["created_at", "2015-09-02 17:47:01.606166"], ["updated_at", "2015-09-02 17:47:01.606166"]]
  [1m[36m (0.9ms)[0m  [1mcommit transaction[0m
  [1m[35m (0.1ms)[0m  begin transaction
  [1m[36mSQL (0.3ms)[0m  [1mINSERT INTO "tags" ("name", "created_at", "updated_at") VALUES (?, ?, ?)[0m  [["name", "long"], ["created_at", "2015-09-02 17:47:01.610018"], ["updated_at", "2015-09-02 17:47:01.610018"]]
  [1m[35m (1.2ms)[0m  commit transaction
  [1m[36m (0.1ms)[0m  [1mbegin transaction[0m
  [1m[35mSQL (0.2ms)[0m  INSERT INTO "tags" ("name", "created_at", "updated_at") VALUES (?, ?, ?)  [["name", "lovely"], ["created_at", "2015-09-02 17:47:01.613645"], ["updated_at", "2015-09-02 17:47:01.613645"]]
  [1m[36m (0.6ms)[0m  [1mcommit transaction[0m
  [1m[35m (0.1ms)[0m  begin transaction
  [1m[36mSQL (0.2ms)[0m  [1mINSERT INTO "tags" ("name", "created_at", "updated_at") VALUES (?, ?, ?)[0m  [["name", "lucky"], ["created_at", "2015-09-02 17:47:01.615947"], ["updated_at", "2015-09-02 17:47:01.615947"]]
  [1m[35m (0.6ms)[0m  commit transaction
  [1m[36m (0.0ms)[0m  [1mbegin transaction[0m
  [1m[35mSQL (0.3ms)[0m  INSERT INTO "tags" ("name", "created_at", "updated_at") VALUES (?, ?, ?)  [["name", "magnificent"], ["created_at", "2015-09-02 17:47:01.617961"], ["updated_at", "2015-09-02 17:47:01.617961"]]
  [1m[36m (0.6ms)[0m  [1mcommit transaction[0m
  [1m[35m (0.1ms)[0m  begin transaction
  [1m[36mSQL (0.2ms)[0m  [1mINSERT INTO "tags" ("name", "created_at", "updated_at") VALUES (?, ?, ?)[0m  [["name", "misty"], ["created_at", "2015-09-02 17:47:01.620345"], ["updated_at", "2015-09-02 17:47:01.620345"]]
  [1m[35m (0.6ms)[0m  commit transaction
  [1m[36m (0.1ms)[0m  [1mbegin transaction[0m
  [1m[35mSQL (0.2ms)[0m  INSERT INTO "tags" ("name", "created_at", "updated_at") VALUES (?, ?, ?)  [["name", "modern"], ["created_at", "2015-09-02 17:47:01.622620"], ["updated_at", "2015-09-02 17:47:01.622620"]]
  [1m[36m (0.7ms)[0m  [1mcommit transaction[0m
  [1m[35m (0.1ms)[0m  begin transaction
  [1m[36mSQL (0.2ms)[0m  [1mINSERT INTO "tags" ("name", "created_at", "updated_at") VALUES (?, ?, ?)[0m  [["name", "motionless"], ["created_at", "2015-09-02 17:47:01.624798"], ["updated_at", "2015-09-02 17:47:01.624798"]]
  [1m[35m (0.6ms)[0m  commit transaction
  [1m[36m (0.1ms)[0m  [1mbegin transaction[0m
  [1m[35mSQL (0.2ms)[0m  INSERT INTO "tags" ("name", "created_at", "updated_at") VALUES (?, ?, ?)  [["name", "muddy"], ["created_at", "2015-09-02 17:47:01.627055"], ["updated_at", "2015-09-02 17:47:01.627055"]]
  [1m[36m (0.6ms)[0m  [1mcommit transaction[0m
  [1m[35m (0.0ms)[0m  begin transaction
  [1m[36mSQL (0.4ms)[0m  [1mINSERT INTO "tags" ("name", "created_at", "updated_at") VALUES (?, ?, ?)[0m  [["name", "mushy"], ["created_at", "2015-09-02 17:47:01.629065"], ["updated_at", "2015-09-02 17:47:01.629065"]]
  [1m[35m (0.6ms)[0m  commit transaction
  [1m[36m (0.1ms)[0m  [1mbegin transaction[0m
  [1m[35mSQL (0.2ms)[0m  INSERT INTO "tags" ("name", "created_at", "updated_at") VALUES (?, ?, ?)  [["name", "mysterious"], ["created_at", "2015-09-02 17:47:01.631853"], ["updated_at", "2015-09-02 17:47:01.631853"]]
  [1m[36m (0.7ms)[0m  [1mcommit transaction[0m
  [1m[35m (0.1ms)[0m  begin transaction
  [1m[36mSQL (0.2ms)[0m  [1mINSERT INTO "tags" ("name", "created_at", "updated_at") VALUES (?, ?, ?)[0m  [["name", "nasty"], ["created_at", "2015-09-02 17:47:01.633992"], ["updated_at", "2015-09-02 17:47:01.633992"]]
  [1m[35m (0.6ms)[0m  commit transaction
  [1m[36m (0.1ms)[0m  [1mbegin transaction[0m
  [1m[35mSQL (0.3ms)[0m  INSERT INTO "tags" ("name", "created_at", "updated_at") VALUES (?, ?, ?)  [["name", "naughty"], ["created_at", "2015-09-02 17:47:01.636013"], ["updated_at", "2015-09-02 17:47:01.636013"]]
  [1m[36m (0.6ms)[0m  [1mcommit transaction[0m
  [1m[35m (0.1ms)[0m  begin transaction
  [1m[36mSQL (0.2ms)[0m  [1mINSERT INTO "tags" ("name", "created_at", "updated_at") VALUES (?, ?, ?)[0m  [["name", "nervous"], ["created_at", "2015-09-02 17:47:01.638601"], ["updated_at", "2015-09-02 17:47:01.638601"]]
  [1m[35m (0.6ms)[0m  commit transaction
  [1m[36m (0.1ms)[0m  [1mbegin transaction[0m
  [1m[35mSQL (0.3ms)[0m  INSERT INTO "tags" ("name", "created_at", "updated_at") VALUES (?, ?, ?)  [["name", "nice"], ["created_at", "2015-09-02 17:47:01.640757"], ["updated_at", "2015-09-02 17:47:01.640757"]]
  [1m[36m (0.8ms)[0m  [1mcommit transaction[0m
  [1m[35m (0.1ms)[0m  begin transaction
  [1m[36mSQL (0.4ms)[0m  [1mINSERT INTO "tags" ("name", "created_at", "updated_at") VALUES (?, ?, ?)[0m  [["name", "nutty"], ["created_at", "2015-09-02 17:47:01.643659"], ["updated_at", "2015-09-02 17:47:01.643659"]]
  [1m[35m (0.8ms)[0m  commit transaction
  [1m[36m (0.2ms)[0m  [1mbegin transaction[0m
  [1m[35mSQL (0.3ms)[0m  INSERT INTO "tags" ("name", "created_at", "updated_at") VALUES (?, ?, ?)  [["name", "obedient"], ["created_at", "2015-09-02 17:47:01.647186"], ["updated_at", "2015-09-02 17:47:01.647186"]]
  [1m[36m (0.8ms)[0m  [1mcommit transaction[0m
  [1m[35m (0.1ms)[0m  begin transaction
  [1m[36mSQL (0.2ms)[0m  [1mINSERT INTO "tags" ("name", "created_at", "updated_at") VALUES (?, ?, ?)[0m  [["name", "obnoxious"], ["created_at", "2015-09-02 17:47:01.650435"], ["updated_at", "2015-09-02 17:47:01.650435"]]
  [1m[35m (0.7ms)[0m  commit transaction
  [1m[36m (0.1ms)[0m  [1mbegin transaction[0m
  [1m[35mSQL (0.3ms)[0m  INSERT INTO "tags" ("name", "created_at", "updated_at") VALUES (?, ?, ?)  [["name", "odd"], ["created_at", "2015-09-02 17:47:01.652867"], ["updated_at", "2015-09-02 17:47:01.652867"]]
  [1m[36m (0.8ms)[0m  [1mcommit transaction[0m
  [1m[35m (0.1ms)[0m  begin transaction
  [1m[36mSQL (0.2ms)[0m  [1mINSERT INTO "tags" ("name", "created_at", "updated_at") VALUES (?, ?, ?)[0m  [["name", "old-fashioned"], ["created_at", "2015-09-02 17:47:01.655493"], ["updated_at", "2015-09-02 17:47:01.655493"]]
  [1m[35m (0.7ms)[0m  commit transaction
  [1m[36m (0.1ms)[0m  [1mbegin transaction[0m
  [1m[35mSQL (0.2ms)[0m  INSERT INTO "tags" ("name", "created_at", "updated_at") VALUES (?, ?, ?)  [["name", "open"], ["created_at", "2015-09-02 17:47:01.657793"], ["updated_at", "2015-09-02 17:47:01.657793"]]
  [1m[36m (0.7ms)[0m  [1mcommit transaction[0m
  [1m[35m (0.1ms)[0m  begin transaction
  [1m[36mSQL (0.3ms)[0m  [1mINSERT INTO "tags" ("name", "created_at", "updated_at") VALUES (?, ?, ?)[0m  [["name", "outrageous"], ["created_at", "2015-09-02 17:47:01.660701"], ["updated_at", "2015-09-02 17:47:01.660701"]]
  [1m[35m (1.0ms)[0m  commit transaction
  [1m[36m (0.1ms)[0m  [1mbegin transaction[0m
  [1m[35mSQL (0.2ms)[0m  INSERT INTO "tags" ("name", "created_at", "updated_at") VALUES (?, ?, ?)  [["name", "outstanding"], ["created_at", "2015-09-02 17:47:01.664108"], ["updated_at", "2015-09-02 17:47:01.664108"]]
  [1m[36m (0.7ms)[0m  [1mcommit transaction[0m
  [1m[35m (0.1ms)[0m  begin transaction
  [1m[36mSQL (0.2ms)[0m  [1mINSERT INTO "tags" ("name", "created_at", "updated_at") VALUES (?, ?, ?)[0m  [["name", "panicky"], ["created_at", "2015-09-02 17:47:01.666608"], ["updated_at", "2015-09-02 17:47:01.666608"]]
  [1m[35m (0.6ms)[0m  commit transaction
  [1m[36m (0.1ms)[0m  [1mbegin transaction[0m
  [1m[35mSQL (0.3ms)[0m  INSERT INTO "tags" ("name", "created_at", "updated_at") VALUES (?, ?, ?)  [["name", "perfect"], ["created_at", "2015-09-02 17:47:01.668737"], ["updated_at", "2015-09-02 17:47:01.668737"]]
  [1m[36m (1.0ms)[0m  [1mcommit transaction[0m
  [1m[35m (0.1ms)[0m  begin transaction
  [1m[36mSQL (0.3ms)[0m  [1mINSERT INTO "tags" ("name", "created_at", "updated_at") VALUES (?, ?, ?)[0m  [["name", "plain"], ["created_at", "2015-09-02 17:47:01.671773"], ["updated_at", "2015-09-02 17:47:01.671773"]]
  [1m[35m (0.7ms)[0m  commit transaction
  [1m[36m (0.1ms)[0m  [1mbegin transaction[0m
  [1m[35mSQL (0.2ms)[0m  INSERT INTO "tags" ("name", "created_at", "updated_at") VALUES (?, ?, ?)  [["name", "pleasant"], ["created_at", "2015-09-02 17:47:01.674158"], ["updated_at", "2015-09-02 17:47:01.674158"]]
  [1m[36m (0.6ms)[0m  [1mcommit transaction[0m
  [1m[35m (0.1ms)[0m  begin transaction
  [1m[36mSQL (0.2ms)[0m  [1mINSERT INTO "tags" ("name", "created_at", "updated_at") VALUES (?, ?, ?)[0m  [["name", "poised"], ["created_at", "2015-09-02 17:47:01.676293"], ["updated_at", "2015-09-02 17:47:01.676293"]]
  [1m[35m (0.6ms)[0m  commit transaction
  [1m[36m (0.1ms)[0m  [1mbegin transaction[0m
  [1m[35mSQL (0.2ms)[0m  INSERT INTO "tags" ("name", "created_at", "updated_at") VALUES (?, ?, ?)  [["name", "poor"], ["created_at", "2015-09-02 17:47:01.678402"], ["updated_at", "2015-09-02 17:47:01.678402"]]
  [1m[36m (0.7ms)[0m  [1mcommit transaction[0m
  [1m[35m (0.1ms)[0m  begin transaction
  [1m[36mSQL (0.2ms)[0m  [1mINSERT INTO "tags" ("name", "created_at", "updated_at") VALUES (?, ?, ?)[0m  [["name", "powerful"], ["created_at", "2015-09-02 17:47:01.680546"], ["updated_at", "2015-09-02 17:47:01.680546"]]
  [1m[35m (0.6ms)[0m  commit transaction
  [1m[36m (0.1ms)[0m  [1mbegin transaction[0m
  [1m[35mSQL (0.3ms)[0m  INSERT INTO "tags" ("name", "created_at", "updated_at") VALUES (?, ?, ?)  [["name", "precious"], ["created_at", "2015-09-02 17:47:01.682560"], ["updated_at", "2015-09-02 17:47:01.682560"]]
  [1m[36m (0.6ms)[0m  [1mcommit transaction[0m
  [1m[35m (0.1ms)[0m  begin transaction
  [1m[36mSQL (0.2ms)[0m  [1mINSERT INTO "tags" ("name", "created_at", "updated_at") VALUES (?, ?, ?)[0m  [["name", "prickly"], ["created_at", "2015-09-02 17:47:01.684660"], ["updated_at", "2015-09-02 17:47:01.684660"]]
  [1m[35m (0.5ms)[0m  commit transaction
  [1m[36m (0.0ms)[0m  [1mbegin transaction[0m
  [1m[35mSQL (0.2ms)[0m  INSERT INTO "tags" ("name", "created_at", "updated_at") VALUES (?, ?, ?)  [["name", "proud"], ["created_at", "2015-09-02 17:47:01.686590"], ["updated_at", "2015-09-02 17:47:01.686590"]]
  [1m[36m (0.5ms)[0m  [1mcommit transaction[0m
  [1m[35m (0.0ms)[0m  begin transaction
  [1m[36mSQL (0.2ms)[0m  [1mINSERT INTO "tags" ("name", "created_at", "updated_at") VALUES (?, ?, ?)[0m  [["name", "puzzled"], ["created_at", "2015-09-02 17:47:01.688858"], ["updated_at", "2015-09-02 17:47:01.688858"]]
  [1m[35m (0.7ms)[0m  commit transaction
  [1m[36m (0.1ms)[0m  [1mbegin transaction[0m
  [1m[35mSQL (0.2ms)[0m  INSERT INTO "tags" ("name", "created_at", "updated_at") VALUES (?, ?, ?)  [["name", "quaint"], ["created_at", "2015-09-02 17:47:01.691218"], ["updated_at", "2015-09-02 17:47:01.691218"]]
  [1m[36m (0.7ms)[0m  [1mcommit transaction[0m
  [1m[35m (0.1ms)[0m  begin transaction
  [1m[36mSQL (0.2ms)[0m  [1mINSERT INTO "tags" ("name", "created_at", "updated_at") VALUES (?, ?, ?)[0m  [["name", "real"], ["created_at", "2015-09-02 17:47:01.693406"], ["updated_at", "2015-09-02 17:47:01.693406"]]
  [1m[35m (0.8ms)[0m  commit transaction
  [1m[36m (0.1ms)[0m  [1mbegin transaction[0m
  [1m[35mSQL (0.2ms)[0m  INSERT INTO "tags" ("name", "created_at", "updated_at") VALUES (?, ?, ?)  [["name", "relieved"], ["created_at", "2015-09-02 17:47:01.695799"], ["updated_at", "2015-09-02 17:47:01.695799"]]
  [1m[36m (0.6ms)[0m  [1mcommit transaction[0m
  [1m[35m (0.1ms)[0m  begin transaction
  [1m[36mSQL (0.2ms)[0m  [1mINSERT INTO "tags" ("name", "created_at", "updated_at") VALUES (?, ?, ?)[0m  [["name", "repulsive"], ["created_at", "2015-09-02 17:47:01.697864"], ["updated_at", "2015-09-02 17:47:01.697864"]]
  [1m[35m (0.6ms)[0m  commit transaction
  [1m[36m (0.1ms)[0m  [1mbegin transaction[0m
  [1m[35mSQL (0.3ms)[0m  INSERT INTO "tags" ("name", "created_at", "updated_at") VALUES (?, ?, ?)  [["name", "rich"], ["created_at", "2015-09-02 17:47:01.699948"], ["updated_at", "2015-09-02 17:47:01.699948"]]
  [1m[36m (0.6ms)[0m  [1mcommit transaction[0m
  [1m[35m (0.0ms)[0m  begin transaction
  [1m[36mSQL (0.3ms)[0m  [1mINSERT INTO "tags" ("name", "created_at", "updated_at") VALUES (?, ?, ?)[0m  [["name", "scary"], ["created_at", "2015-09-02 17:47:01.702128"], ["updated_at", "2015-09-02 17:47:01.702128"]]
  [1m[35m (0.6ms)[0m  commit transaction
  [1m[36m (0.0ms)[0m  [1mbegin transaction[0m
  [1m[35mSQL (0.2ms)[0m  INSERT INTO "tags" ("name", "created_at", "updated_at") VALUES (?, ?, ?)  [["name", "selfish"], ["created_at", "2015-09-02 17:47:01.704358"], ["updated_at", "2015-09-02 17:47:01.704358"]]
  [1m[36m (0.6ms)[0m  [1mcommit transaction[0m
  [1m[35m (0.1ms)[0m  begin transaction
  [1m[36mSQL (0.2ms)[0m  [1mINSERT INTO "tags" ("name", "created_at", "updated_at") VALUES (?, ?, ?)[0m  [["name", "shiny"], ["created_at", "2015-09-02 17:47:01.706686"], ["updated_at", "2015-09-02 17:47:01.706686"]]
  [1m[35m (0.8ms)[0m  commit transaction
  [1m[36m (0.1ms)[0m  [1mbegin transaction[0m
  [1m[35mSQL (0.2ms)[0m  INSERT INTO "tags" ("name", "created_at", "updated_at") VALUES (?, ?, ?)  [["name", "shy"], ["created_at", "2015-09-02 17:47:01.709154"], ["updated_at", "2015-09-02 17:47:01.709154"]]
  [1m[36m (0.9ms)[0m  [1mcommit transaction[0m
  [1m[35m (0.1ms)[0m  begin transaction
  [1m[36mSQL (0.3ms)[0m  [1mINSERT INTO "tags" ("name", "created_at", "updated_at") VALUES (?, ?, ?)[0m  [["name", "silly"], ["created_at", "2015-09-02 17:47:01.711608"], ["updated_at", "2015-09-02 17:47:01.711608"]]
  [1m[35m (0.8ms)[0m  commit transaction
  [1m[36m (0.1ms)[0m  [1mbegin transaction[0m
  [1m[35mSQL (0.2ms)[0m  INSERT INTO "tags" ("name", "created_at", "updated_at") VALUES (?, ?, ?)  [["name", "sleepy"], ["created_at", "2015-09-02 17:47:01.714094"], ["updated_at", "2015-09-02 17:47:01.714094"]]
  [1m[36m (0.6ms)[0m  [1mcommit transaction[0m
  [1m[35m (0.1ms)[0m  begin transaction
  [1m[36mSQL (0.2ms)[0m  [1mINSERT INTO "tags" ("name", "created_at", "updated_at") VALUES (?, ?, ?)[0m  [["name", "smiling"], ["created_at", "2015-09-02 17:47:01.716291"], ["updated_at", "2015-09-02 17:47:01.716291"]]
  [1m[35m (0.7ms)[0m  commit transaction
  [1m[36m (0.1ms)[0m  [1mbegin transaction[0m
  [1m[35mSQL (0.2ms)[0m  INSERT INTO "tags" ("name", "created_at", "updated_at") VALUES (?, ?, ?)  [["name", "smoggy"], ["created_at", "2015-09-02 17:47:01.718606"], ["updated_at", "2015-09-02 17:47:01.718606"]]
  [1m[36m (0.6ms)[0m  [1mcommit transaction[0m
  [1m[35m (0.1ms)[0m  begin transaction
  [1m[36mSQL (0.2ms)[0m  [1mINSERT INTO "tags" ("name", "created_at", "updated_at") VALUES (?, ?, ?)[0m  [["name", "sore"], ["created_at", "2015-09-02 17:47:01.720642"], ["updated_at", "2015-09-02 17:47:01.720642"]]
  [1m[35m (0.6ms)[0m  commit transaction
  [1m[36m (0.0ms)[0m  [1mbegin transaction[0m
  [1m[35mSQL (0.3ms)[0m  INSERT INTO "tags" ("name", "created_at", "updated_at") VALUES (?, ?, ?)  [["name", "sparkling"], ["created_at", "2015-09-02 17:47:01.722787"], ["updated_at", "2015-09-02 17:47:01.722787"]]
  [1m[36m (0.7ms)[0m  [1mcommit transaction[0m
  [1m[35m (0.1ms)[0m  begin transaction
  [1m[36mSQL (0.2ms)[0m  [1mINSERT INTO "tags" ("name", "created_at", "updated_at") VALUES (?, ?, ?)[0m  [["name", "splendid"], ["created_at", "2015-09-02 17:47:01.725474"], ["updated_at", "2015-09-02 17:47:01.725474"]]
  [1m[35m (0.6ms)[0m  commit transaction
  [1m[36m (0.1ms)[0m  [1mbegin transaction[0m
  [1m[35mSQL (0.3ms)[0m  INSERT INTO "tags" ("name", "created_at", "updated_at") VALUES (?, ?, ?)  [["name", "spotless"], ["created_at", "2015-09-02 17:47:01.727613"], ["updated_at", "2015-09-02 17:47:01.727613"]]
  [1m[36m (0.7ms)[0m  [1mcommit transaction[0m
  [1m[35m (0.1ms)[0m  begin transaction
  [1m[36mSQL (0.2ms)[0m  [1mINSERT INTO "tags" ("name", "created_at", "updated_at") VALUES (?, ?, ?)[0m  [["name", "stormy"], ["created_at", "2015-09-02 17:47:01.730124"], ["updated_at", "2015-09-02 17:47:01.730124"]]
  [1m[35m (0.6ms)[0m  commit transaction
  [1m[36m (0.1ms)[0m  [1mbegin transaction[0m
  [1m[35mSQL (0.2ms)[0m  INSERT INTO "tags" ("name", "created_at", "updated_at") VALUES (?, ?, ?)  [["name", "strange"], ["created_at", "2015-09-02 17:47:01.732296"], ["updated_at", "2015-09-02 17:47:01.732296"]]
  [1m[36m (0.6ms)[0m  [1mcommit transaction[0m
  [1m[35m (0.1ms)[0m  begin transaction
  [1m[36mSQL (0.2ms)[0m  [1mINSERT INTO "tags" ("name", "created_at", "updated_at") VALUES (?, ?, ?)[0m  [["name", "stupid"], ["created_at", "2015-09-02 17:47:01.734362"], ["updated_at", "2015-09-02 17:47:01.734362"]]
  [1m[35m (0.6ms)[0m  commit transaction
  [1m[36m (0.1ms)[0m  [1mbegin transaction[0m
  [1m[35mSQL (0.2ms)[0m  INSERT INTO "tags" ("name", "created_at", "updated_at") VALUES (?, ?, ?)  [["name", "successful"], ["created_at", "2015-09-02 17:47:01.736397"], ["updated_at", "2015-09-02 17:47:01.736397"]]
  [1m[36m (0.6ms)[0m  [1mcommit transaction[0m
  [1m[35m (0.1ms)[0m  begin transaction
  [1m[36mSQL (0.2ms)[0m  [1mINSERT INTO "tags" ("name", "created_at", "updated_at") VALUES (?, ?, ?)[0m  [["name", "super"], ["created_at", "2015-09-02 17:47:01.738495"], ["updated_at", "2015-09-02 17:47:01.738495"]]
  [1m[35m (0.7ms)[0m  commit transaction
  [1m[36m (0.1ms)[0m  [1mbegin transaction[0m
  [1m[35mSQL (0.2ms)[0m  INSERT INTO "tags" ("name", "created_at", "updated_at") VALUES (?, ?, ?)  [["name", "talented"], ["created_at", "2015-09-02 17:47:01.740812"], ["updated_at", "2015-09-02 17:47:01.740812"]]
  [1m[36m (0.6ms)[0m  [1mcommit transaction[0m
  [1m[35m (0.1ms)[0m  begin transaction
  [1m[36mSQL (0.2ms)[0m  [1mINSERT INTO "tags" ("name", "created_at", "updated_at") VALUES (?, ?, ?)[0m  [["name", "tame"], ["created_at", "2015-09-02 17:47:01.743017"], ["updated_at", "2015-09-02 17:47:01.743017"]]
  [1m[35m (0.6ms)[0m  commit transaction
  [1m[36m (0.1ms)[0m  [1mbegin transaction[0m
  [1m[35mSQL (0.2ms)[0m  INSERT INTO "tags" ("name", "created_at", "updated_at") VALUES (?, ?, ?)  [["name", "tender"], ["created_at", "2015-09-02 17:47:01.745065"], ["updated_at", "2015-09-02 17:47:01.745065"]]
  [1m[36m (0.7ms)[0m  [1mcommit transaction[0m
  [1m[35m (0.1ms)[0m  begin transaction
  [1m[36mSQL (0.2ms)[0m  [1mINSERT INTO "tags" ("name", "created_at", "updated_at") VALUES (?, ?, ?)[0m  [["name", "tense"], ["created_at", "2015-09-02 17:47:01.747386"], ["updated_at", "2015-09-02 17:47:01.747386"]]
  [1m[35m (0.8ms)[0m  commit transaction
  [1m[36m (0.0ms)[0m  [1mbegin transaction[0m
  [1m[35mSQL (0.2ms)[0m  INSERT INTO "tags" ("name", "created_at", "updated_at") VALUES (?, ?, ?)  [["name", "terrible"], ["created_at", "2015-09-02 17:47:01.749671"], ["updated_at", "2015-09-02 17:47:01.749671"]]
  [1m[36m (0.6ms)[0m  [1mcommit transaction[0m
  [1m[35m (0.1ms)[0m  begin transaction
  [1m[36mSQL (0.2ms)[0m  [1mINSERT INTO "tags" ("name", "created_at", "updated_at") VALUES (?, ?, ?)[0m  [["name", "testy"], ["created_at", "2015-09-02 17:47:01.751806"], ["updated_at", "2015-09-02 17:47:01.751806"]]
  [1m[35m (0.7ms)[0m  commit transaction
  [1m[36m (0.1ms)[0m  [1mbegin transaction[0m
  [1m[35mSQL (0.2ms)[0m  INSERT INTO "tags" ("name", "created_at", "updated_at") VALUES (?, ?, ?)  [["name", "thankful"], ["created_at", "2015-09-02 17:47:01.754057"], ["updated_at", "2015-09-02 17:47:01.754057"]]
  [1m[36m (0.7ms)[0m  [1mcommit transaction[0m
  [1m[35m (0.0ms)[0m  begin transaction
  [1m[36mSQL (0.2ms)[0m  [1mINSERT INTO "tags" ("name", "created_at", "updated_at") VALUES (?, ?, ?)[0m  [["name", "thoughtful"], ["created_at", "2015-09-02 17:47:01.756363"], ["updated_at", "2015-09-02 17:47:01.756363"]]
  [1m[35m (0.6ms)[0m  commit transaction
  [1m[36m (0.1ms)[0m  [1mbegin transaction[0m
  [1m[35mSQL (0.3ms)[0m  INSERT INTO "tags" ("name", "created_at", "updated_at") VALUES (?, ?, ?)  [["name", "thoughtless"], ["created_at", "2015-09-02 17:47:01.758804"], ["updated_at", "2015-09-02 17:47:01.758804"]]
  [1m[36m (0.8ms)[0m  [1mcommit transaction[0m
  [1m[35m (0.1ms)[0m  begin transaction
  [1m[36mSQL (0.2ms)[0m  [1mINSERT INTO "tags" ("name", "created_at", "updated_at") VALUES (?, ?, ?)[0m  [["name", "tired"], ["created_at", "2015-09-02 17:47:01.767048"], ["updated_at", "2015-09-02 17:47:01.767048"]]
  [1m[35m (0.7ms)[0m  commit transaction
  [1m[36m (0.2ms)[0m  [1mbegin transaction[0m
  [1m[35mSQL (0.3ms)[0m  INSERT INTO "tags" ("name", "created_at", "updated_at") VALUES (?, ?, ?)  [["name", "tough"], ["created_at", "2015-09-02 17:47:01.770019"], ["updated_at", "2015-09-02 17:47:01.770019"]]
  [1m[36m (0.6ms)[0m  [1mcommit transaction[0m
  [1m[35m (0.1ms)[0m  begin transaction
  [1m[36mSQL (0.2ms)[0m  [1mINSERT INTO "tags" ("name", "created_at", "updated_at") VALUES (?, ?, ?)[0m  [["name", "troubled"], ["created_at", "2015-09-02 17:47:01.772764"], ["updated_at", "2015-09-02 17:47:01.772764"]]
  [1m[35m (0.7ms)[0m  commit transaction
  [1m[36m (0.1ms)[0m  [1mbegin transaction[0m
  [1m[35mSQL (0.4ms)[0m  INSERT INTO "tags" ("name", "created_at", "updated_at") VALUES (?, ?, ?)  [["name", "ugliest"], ["created_at", "2015-09-02 17:47:01.775618"], ["updated_at", "2015-09-02 17:47:01.775618"]]
  [1m[36m (1.2ms)[0m  [1mcommit transaction[0m
  [1m[35m (0.1ms)[0m  begin transaction
  [1m[36mSQL (0.3ms)[0m  [1mINSERT INTO "tags" ("name", "created_at", "updated_at") VALUES (?, ?, ?)[0m  [["name", "ugly"], ["created_at", "2015-09-02 17:47:01.780165"], ["updated_at", "2015-09-02 17:47:01.780165"]]
  [1m[35m (0.7ms)[0m  commit transaction
  [1m[36m (0.1ms)[0m  [1mbegin transaction[0m
  [1m[35mSQL (0.3ms)[0m  INSERT INTO "tags" ("name", "created_at", "updated_at") VALUES (?, ?, ?)  [["name", "uninterested"], ["created_at", "2015-09-02 17:47:01.782820"], ["updated_at", "2015-09-02 17:47:01.782820"]]
  [1m[36m (0.7ms)[0m  [1mcommit transaction[0m
  [1m[35m (0.1ms)[0m  begin transaction
  [1m[36mSQL (0.2ms)[0m  [1mINSERT INTO "tags" ("name", "created_at", "updated_at") VALUES (?, ?, ?)[0m  [["name", "unsightly"], ["created_at", "2015-09-02 17:47:01.785099"], ["updated_at", "2015-09-02 17:47:01.785099"]]
  [1m[35m (0.8ms)[0m  commit transaction
  [1m[36m (0.1ms)[0m  [1mbegin transaction[0m
  [1m[35mSQL (0.2ms)[0m  INSERT INTO "tags" ("name", "created_at", "updated_at") VALUES (?, ?, ?)  [["name", "unusual"], ["created_at", "2015-09-02 17:47:01.787785"], ["updated_at", "2015-09-02 17:47:01.787785"]]
  [1m[36m (0.7ms)[0m  [1mcommit transaction[0m
  [1m[35m (0.1ms)[0m  begin transaction
  [1m[36mSQL (0.2ms)[0m  [1mINSERT INTO "tags" ("name", "created_at", "updated_at") VALUES (?, ?, ?)[0m  [["name", "upset"], ["created_at", "2015-09-02 17:47:01.790294"], ["updated_at", "2015-09-02 17:47:01.790294"]]
  [1m[35m (0.7ms)[0m  commit transaction
  [1m[36m (0.1ms)[0m  [1mbegin transaction[0m
  [1m[35mSQL (0.4ms)[0m  INSERT INTO "tags" ("name", "created_at", "updated_at") VALUES (?, ?, ?)  [["name", "uptight"], ["created_at", "2015-09-02 17:47:01.792910"], ["updated_at", "2015-09-02 17:47:01.792910"]]
  [1m[36m (0.8ms)[0m  [1mcommit transaction[0m
  [1m[35m (0.1ms)[0m  begin transaction
  [1m[36mSQL (0.3ms)[0m  [1mINSERT INTO "tags" ("name", "created_at", "updated_at") VALUES (?, ?, ?)[0m  [["name", "vast"], ["created_at", "2015-09-02 17:47:01.796397"], ["updated_at", "2015-09-02 17:47:01.796397"]]
  [1m[35m (0.7ms)[0m  commit transaction
  [1m[36m (0.1ms)[0m  [1mbegin transaction[0m
  [1m[35mSQL (0.6ms)[0m  INSERT INTO "tags" ("name", "created_at", "updated_at") VALUES (?, ?, ?)  [["name", "victorious"], ["created_at", "2015-09-02 17:47:01.798809"], ["updated_at", "2015-09-02 17:47:01.798809"]]
  [1m[36m (0.7ms)[0m  [1mcommit transaction[0m
  [1m[35m (0.1ms)[0m  begin transaction
  [1m[36mSQL (0.3ms)[0m  [1mINSERT INTO "tags" ("name", "created_at", "updated_at") VALUES (?, ?, ?)[0m  [["name", "vivacious"], ["created_at", "2015-09-02 17:47:01.801772"], ["updated_at", "2015-09-02 17:47:01.801772"]]
  [1m[35m (0.7ms)[0m  commit transaction
  [1m[36m (0.1ms)[0m  [1mbegin transaction[0m
  [1m[35mSQL (0.3ms)[0m  INSERT INTO "tags" ("name", "created_at", "updated_at") VALUES (?, ?, ?)  [["name", "wandering"], ["created_at", "2015-09-02 17:47:01.804198"], ["updated_at", "2015-09-02 17:47:01.804198"]]
  [1m[36m (0.6ms)[0m  [1mcommit transaction[0m
  [1m[35m (0.0ms)[0m  begin transaction
  [1m[36mSQL (0.2ms)[0m  [1mINSERT INTO "tags" ("name", "created_at", "updated_at") VALUES (?, ?, ?)[0m  [["name", "weary"], ["created_at", "2015-09-02 17:47:01.806511"], ["updated_at", "2015-09-02 17:47:01.806511"]]
  [1m[35m (0.7ms)[0m  commit transaction
  [1m[36m (0.1ms)[0m  [1mbegin transaction[0m
  [1m[35mSQL (0.4ms)[0m  INSERT INTO "tags" ("name", "created_at", "updated_at") VALUES (?, ?, ?)  [["name", "wicked"], ["created_at", "2015-09-02 17:47:01.808967"], ["updated_at", "2015-09-02 17:47:01.808967"]]
  [1m[36m (0.7ms)[0m  [1mcommit transaction[0m
  [1m[35m (0.1ms)[0m  begin transaction
  [1m[36mSQL (0.5ms)[0m  [1mINSERT INTO "tags" ("name", "created_at", "updated_at") VALUES (?, ?, ?)[0m  [["name", "wide-eyed"], ["created_at", "2015-09-02 17:47:01.812183"], ["updated_at", "2015-09-02 17:47:01.812183"]]
  [1m[35m (0.8ms)[0m  commit transaction
  [1m[36m (0.1ms)[0m  [1mbegin transaction[0m
  [1m[35mSQL (0.2ms)[0m  INSERT INTO "tags" ("name", "created_at", "updated_at") VALUES (?, ?, ?)  [["name", "wild"], ["created_at", "2015-09-02 17:47:01.815451"], ["updated_at", "2015-09-02 17:47:01.815451"]]
  [1m[36m (0.6ms)[0m  [1mcommit transaction[0m
  [1m[35m (0.1ms)[0m  begin transaction
  [1m[36mSQL (0.2ms)[0m  [1mINSERT INTO "tags" ("name", "created_at", "updated_at") VALUES (?, ?, ?)[0m  [["name", "witty"], ["created_at", "2015-09-02 17:47:01.817664"], ["updated_at", "2015-09-02 17:47:01.817664"]]
  [1m[35m (0.6ms)[0m  commit transaction
  [1m[36m (0.1ms)[0m  [1mbegin transaction[0m
  [1m[35mSQL (0.4ms)[0m  INSERT INTO "tags" ("name", "created_at", "updated_at") VALUES (?, ?, ?)  [["name", "worrisome"], ["created_at", "2015-09-02 17:47:01.820485"], ["updated_at", "2015-09-02 17:47:01.820485"]]
  [1m[36m (0.6ms)[0m  [1mcommit transaction[0m
  [1m[35m (0.1ms)[0m  begin transaction
  [1m[36mSQL (0.2ms)[0m  [1mINSERT INTO "tags" ("name", "created_at", "updated_at") VALUES (?, ?, ?)[0m  [["name", "worried"], ["created_at", "2015-09-02 17:47:01.823345"], ["updated_at", "2015-09-02 17:47:01.823345"]]
  [1m[35m (0.7ms)[0m  commit transaction
  [1m[36m (0.1ms)[0m  [1mbegin transaction[0m
  [1m[35mSQL (0.2ms)[0m  INSERT INTO "tags" ("name", "created_at", "updated_at") VALUES (?, ?, ?)  [["name", "wrong"], ["created_at", "2015-09-02 17:47:01.825668"], ["updated_at", "2015-09-02 17:47:01.825668"]]
  [1m[36m (0.6ms)[0m  [1mcommit transaction[0m
  [1m[35m (0.1ms)[0m  begin transaction
  [1m[36mSQL (0.3ms)[0m  [1mINSERT INTO "tags" ("name", "created_at", "updated_at") VALUES (?, ?, ?)[0m  [["name", "zany"], ["created_at", "2015-09-02 17:47:01.827746"], ["updated_at", "2015-09-02 17:47:01.827746"]]
  [1m[35m (0.6ms)[0m  commit transaction
  [1m[36m (0.1ms)[0m  [1mbegin transaction[0m
  [1m[35mSQL (0.2ms)[0m  INSERT INTO "tags" ("name", "created_at", "updated_at") VALUES (?, ?, ?)  [["name", "zealous"], ["created_at", "2015-09-02 17:47:01.830008"], ["updated_at", "2015-09-02 17:47:01.830008"]]
  [1m[36m (0.6ms)[0m  [1mcommit transaction[0m
  [1m[35m (0.0ms)[0m  begin transaction
  [1m[36mSQL (0.4ms)[0m  [1mINSERT INTO "users" ("name", "created_at", "updated_at") VALUES (?, ?, ?)[0m  [["name", "Crookshanks"], ["created_at", "2015-09-02 17:47:01.836767"], ["updated_at", "2015-09-02 17:47:01.836767"]]
  [1m[35m (0.6ms)[0m  commit transaction
  [1m[36m (0.0ms)[0m  [1mbegin transaction[0m
  [1m[35mSQL (0.3ms)[0m  INSERT INTO "tags" ("name", "created_at", "updated_at") VALUES (?, ?, ?)  [["name", "adorable"], ["created_at", "2015-09-02 17:47:01.839395"], ["updated_at", "2015-09-02 17:47:01.839395"]]
  [1m[36m (0.6ms)[0m  [1mcommit transaction[0m
  [1m[35m (0.0ms)[0m  begin transaction
  [1m[36mSQL (0.3ms)[0m  [1mINSERT INTO "posts" ("user_id", "name", "content", "created_at", "updated_at") VALUES (?, ?, ?, ?, ?)[0m  [["user_id", 1], ["name", "Kittens!"], ["content", "Kitty ipsum dolor sit amet, climb the curtains hairball lay down in your way rip the couch sunbathe, jump on the table stuck in a tree leap lay down in your way bat. Sleep on your keyboard puking catnip chuf, zzz purr hairball claw give me fish I don't like that food sunbathe. Knock over the lamp hiss knock over the lamp stuck in a tree give me fish, meow judging you biting climb the curtains sleep on your face sunbathe sleep on your face. Biting fluffy fur knock over the lamp zzz jump, scratched purr chuf eat the grass judging you sleep on your keyboard. Biting knock over the lamp knock over the lamp feed me, meow sleep in the sink catnip kittens sleep on your face attack. Judging you stuck in a tree zzz bat stuck in a tree puking, fluffy fur sleep on your keyboard kittens jump biting chase the red dot."], ["created_at", "2015-09-02 17:47:01.848852"], ["updated_at", "2015-09-02 17:47:01.848852"]]
  [1m[35m (0.6ms)[0m  commit transaction
  [1m[36m (0.1ms)[0m  [1mbegin transaction[0m
  [1m[35mSQL (0.3ms)[0m  INSERT INTO "post_tags" ("tag_id", "post_id") VALUES (?, ?)  [["tag_id", 227], ["post_id", 1]]
  [1m[36m (0.7ms)[0m  [1mcommit transaction[0m


Started GET "/" for ::1 at 2015-09-02 14:13:08 -0400
  [1m[36mActiveRecord::SchemaMigration Load (0.1ms)[0m  [1mSELECT "schema_migrations".* FROM "schema_migrations"[0m
Processing by Rails::WelcomeController#index as HTML
  Rendered /Users/flatiron/.rvm/gems/ruby-2.2.3/gems/railties-4.2.0/lib/rails/templates/rails/welcome/index.html.erb (1.5ms)
Completed 200 OK in 11ms (Views: 10.6ms | ActiveRecord: 0.0ms)


Started GET "/posts/new" for ::1 at 2015-09-02 14:13:16 -0400
Processing by PostsController#new as HTML
  Rendered posts/_form.html.erb (57.1ms)
  Rendered posts/new.html.erb within layouts/application (92.6ms)
Completed 200 OK in 345ms (Views: 326.0ms | ActiveRecord: 0.8ms)


Started GET "/assets/posts.css?body=1" for ::1 at 2015-09-02 14:13:16 -0400


Started GET "/assets/scaffolds.css?body=1" for ::1 at 2015-09-02 14:13:16 -0400


Started GET "/assets/posts.js?body=1" for ::1 at 2015-09-02 14:13:16 -0400


Started GET "/assets/jquery.js?body=1" for ::1 at 2015-09-02 14:13:16 -0400


Started GET "/assets/application.js?body=1" for ::1 at 2015-09-02 14:13:16 -0400


Started GET "/assets/jquery_ujs.js?body=1" for ::1 at 2015-09-02 14:13:16 -0400


Started GET "/assets/application.css?body=1" for ::1 at 2015-09-02 14:13:16 -0400


Started GET "/posts/new" for ::1 at 2015-09-02 14:14:33 -0400
Processing by PostsController#new as HTML
  Rendered posts/_form.html.erb (3.0ms)
  Rendered posts/new.html.erb within layouts/application (4.8ms)
Completed 200 OK in 12ms (Views: 11.9ms | ActiveRecord: 0.0ms)


Started GET "/posts/new" for ::1 at 2015-09-02 14:15:15 -0400
Processing by PostsController#new as HTML
  Rendered posts/_form.html.erb (3.2ms)
  Rendered posts/new.html.erb within layouts/application (5.2ms)
Completed 200 OK in 13ms (Views: 12.6ms | ActiveRecord: 0.0ms)


Started GET "/assets/application.css?body=1" for ::1 at 2015-09-02 14:15:15 -0400


Started GET "/assets/posts.js?body=1" for ::1 at 2015-09-02 14:15:15 -0400


Started GET "/assets/posts.css?body=1" for ::1 at 2015-09-02 14:15:15 -0400


Started GET "/assets/jquery.js?body=1" for ::1 at 2015-09-02 14:15:15 -0400


Started GET "/assets/jquery_ujs.js?body=1" for ::1 at 2015-09-02 14:15:15 -0400


Started GET "/assets/scaffolds.css?body=1" for ::1 at 2015-09-02 14:15:15 -0400


Started GET "/assets/application.js?body=1" for ::1 at 2015-09-02 14:15:15 -0400
